15:28:37 INFO  : Registering command handlers for SDK TCF services
15:28:40 INFO  : Launching XSCT server: xsct -n -interactive /home/daniele/Sistemi_Embedded/Esercitazione_7/Driver/Esercitazione_7/Driver_GPIO_Custom/Terza_Tipologia/vivado_project/project_gpio_custom_int/gpio_project.sdk/temp_xsdb_launch_script.tcl
15:28:41 INFO  : XSCT server has started successfully.
15:28:41 INFO  : Successfully done setting XSCT server connection channel  
15:28:41 INFO  : Successfully done setting SDK workspace  
15:28:41 INFO  : Processing command line option -hwspec /home/daniele/Sistemi_Embedded/Esercitazione_7/Driver/Esercitazione_7/Driver_GPIO_Custom/Terza_Tipologia/vivado_project/project_gpio_custom_int/gpio_project.sdk/design_for_gpio_wrapper.hdf.
15:29:48 INFO  : Connected to target on host '127.0.0.1' and port '3121'.
15:29:48 INFO  : 'targets -set -filter {jtag_cable_name =~ "Digilent Zybo 210279760109A" && level==0} -index 1' command is executed.
15:29:49 INFO  : FPGA configured successfully with bitstream "/home/daniele/Sistemi_Embedded/Esercitazione_7/Driver/Esercitazione_7/Driver_GPIO_Custom/Terza_Tipologia/vivado_project/project_gpio_custom_int/gpio_project.sdk/design_for_gpio_wrapper_hw_platform_0/design_for_gpio_wrapper.bit"
15:30:04 INFO  : 'targets -set -filter {jtag_cable_name =~ "Digilent Zybo 210279760109A" && level==0} -index 1' command is executed.
15:30:04 INFO  : 'fpga -state' command is executed.
15:30:04 INFO  : Connected to target on host '127.0.0.1' and port '3121'.
15:30:04 INFO  : Jtag cable 'Digilent Zybo 210279760109A' is selected.
15:30:04 INFO  : 'jtag frequency' command is executed.
15:30:04 INFO  : Sourcing of '/home/daniele/Sistemi_Embedded/Esercitazione_7/Driver/Esercitazione_7/Driver_GPIO_Custom/Terza_Tipologia/vivado_project/project_gpio_custom_int/gpio_project.sdk/design_for_gpio_wrapper_hw_platform_0/ps7_init.tcl' is done.
15:30:04 INFO  : Context for 'APU' is selected.
15:30:04 INFO  : Hardware design information is loaded from '/home/daniele/Sistemi_Embedded/Esercitazione_7/Driver/Esercitazione_7/Driver_GPIO_Custom/Terza_Tipologia/vivado_project/project_gpio_custom_int/gpio_project.sdk/design_for_gpio_wrapper_hw_platform_0/system.hdf'.
15:30:04 INFO  : Context for 'APU' is selected.
15:30:04 INFO  : 'stop' command is executed.
15:30:04 INFO  : 'ps7_init' command is executed.
15:30:04 INFO  : 'ps7_post_config' command is executed.
15:30:05 INFO  : Context for processor 'ps7_cortexa9_0' is selected.
15:30:05 INFO  : Processor reset is completed for 'ps7_cortexa9_0'.
15:30:05 INFO  : Context for processor 'ps7_cortexa9_0' is selected.
15:30:05 INFO  : The application '/home/daniele/Sistemi_Embedded/Esercitazione_7/Driver/Esercitazione_7/Driver_GPIO_Custom/Terza_Tipologia/vivado_project/project_gpio_custom_int/gpio_project.sdk/prova/Debug/prova.elf' is downloaded to processor 'ps7_cortexa9_0'.
15:30:05 INFO  : ----------------XSDB Script----------------
connect -url tcp:127.0.0.1:3121
source /home/daniele/Sistemi_Embedded/Esercitazione_7/Driver/Esercitazione_7/Driver_GPIO_Custom/Terza_Tipologia/vivado_project/project_gpio_custom_int/gpio_project.sdk/design_for_gpio_wrapper_hw_platform_0/ps7_init.tcl
targets -set -nocase -filter {name =~"APU*" && jtag_cable_name =~ "Digilent Zybo 210279760109A"} -index 0
loadhw /home/daniele/Sistemi_Embedded/Esercitazione_7/Driver/Esercitazione_7/Driver_GPIO_Custom/Terza_Tipologia/vivado_project/project_gpio_custom_int/gpio_project.sdk/design_for_gpio_wrapper_hw_platform_0/system.hdf
targets -set -nocase -filter {name =~"APU*" && jtag_cable_name =~ "Digilent Zybo 210279760109A"} -index 0
stop
ps7_init
ps7_post_config
targets -set -nocase -filter {name =~ "ARM*#0" && jtag_cable_name =~ "Digilent Zybo 210279760109A"} -index 0
rst -processor
targets -set -nocase -filter {name =~ "ARM*#0" && jtag_cable_name =~ "Digilent Zybo 210279760109A"} -index 0
dow /home/daniele/Sistemi_Embedded/Esercitazione_7/Driver/Esercitazione_7/Driver_GPIO_Custom/Terza_Tipologia/vivado_project/project_gpio_custom_int/gpio_project.sdk/prova/Debug/prova.elf
----------------End of Script----------------

15:30:05 INFO  : Memory regions updated for context APU
15:30:05 INFO  : Context for processor 'ps7_cortexa9_0' is selected.
15:30:05 INFO  : 'con' command is executed.
15:30:05 INFO  : ----------------XSDB Script (After Launch)----------------
targets -set -nocase -filter {name =~ "ARM*#0" && jtag_cable_name =~ "Digilent Zybo 210279760109A"} -index 0
con
----------------End of Script----------------

15:30:05 INFO  : Launch script is exported to file '/home/daniele/Sistemi_Embedded/Esercitazione_7/Driver/Esercitazione_7/Driver_GPIO_Custom/Terza_Tipologia/vivado_project/project_gpio_custom_int/gpio_project.sdk/.sdk/launch_scripts/xilinx_c-c++_application_(system_debugger)/system_debugger_using_debug_prova.elf_on_local.tcl'
15:32:54 INFO  : Disconnected from the channel tcfchan#1.
15:36:11 INFO  : Registering command handlers for SDK TCF services
15:36:11 INFO  : Launching XSCT server: xsct -n -interactive /home/daniele/Sistemi_Embedded/Esercitazione_7/Driver/Esercitazione_7/Driver_GPIO_Custom/Terza_Tipologia/vivado_project/project_gpio_custom_int/gpio_project.sdk/temp_xsdb_launch_script.tcl
15:36:12 INFO  : XSCT server has started successfully.
15:36:13 INFO  : Successfully done setting XSCT server connection channel  
15:36:13 INFO  : Successfully done setting SDK workspace  
15:41:22 INFO  : Invoking Bootgen: bootgen -image output.bif -arch zynq -o /home/daniele/Sistemi_Embedded/Esercitazione_7/Driver/Esercitazione_7/Driver_GPIO_Custom/Terza_Tipologia/sd_file/BOOT.bin
15:41:22 INFO  : Creating new bif file /home/daniele/Sistemi_Embedded/Esercitazione_7/Driver/Esercitazione_7/Driver_GPIO_Custom/Terza_Tipologia/sd_file/output.bif
15:41:23 INFO  : Bootgen command execution is done.
15:42:47 INFO  : Saving repository preferences.
15:42:47 INFO  : Reading in cores from local repositories: 
		 /home/daniele/Sistemi_Embedded/Esercitazione_6/Elaborato6_kernel/workspace_master/device-tree-xlnx
15:42:47 INFO  : Cleaning BSP projects in the workspace.
15:54:15 INFO  : Registering command handlers for SDK TCF services
15:54:15 INFO  : Launching XSCT server: xsct -n -interactive /home/daniele/Sistemi_Embedded/Esercitazione_7/Driver/Esercitazione_7/Driver_GPIO_Custom/Terza_Tipologia/vivado_project/project_gpio_custom_int/gpio_project.sdk/temp_xsdb_launch_script.tcl
15:54:16 INFO  : XSCT server has started successfully.
15:54:16 INFO  : Successfully done setting XSCT server connection channel  
15:54:16 INFO  : Successfully done setting SDK workspace  
15:54:16 INFO  : Restoring local repository preferences: 
		 /home/daniele/Sistemi_Embedded/Esercitazione_6/Elaborato6_kernel/workspace_master/device-tree-xlnx
15:54:21 INFO  : BSP Project P/device_tree_bsp_0 has been successfully migrated.
15:55:28 INFO  : Connected to target on host '127.0.0.1' and port '3121'.
15:55:28 INFO  : 'targets -set -filter {jtag_cable_name =~ "Digilent Zybo 210279760109A" && level==0} -index 1' command is executed.
15:55:30 INFO  : FPGA configured successfully with bitstream "/home/daniele/Sistemi_Embedded/Esercitazione_7/Driver/Esercitazione_7/Driver_GPIO_Custom/Terza_Tipologia/vivado_project/project_gpio_custom_int/gpio_project.sdk/design_for_gpio_wrapper_hw_platform_0/design_for_gpio_wrapper.bit"
15:55:35 INFO  : 'targets -set -filter {jtag_cable_name =~ "Digilent Zybo 210279760109A" && level==0} -index 1' command is executed.
15:55:35 INFO  : 'fpga -state' command is executed.
15:55:35 INFO  : Connected to target on host '127.0.0.1' and port '3121'.
15:55:35 INFO  : Jtag cable 'Digilent Zybo 210279760109A' is selected.
15:55:35 INFO  : 'jtag frequency' command is executed.
15:55:35 INFO  : Sourcing of '/home/daniele/Sistemi_Embedded/Esercitazione_7/Driver/Esercitazione_7/Driver_GPIO_Custom/Terza_Tipologia/vivado_project/project_gpio_custom_int/gpio_project.sdk/design_for_gpio_wrapper_hw_platform_0/ps7_init.tcl' is done.
15:55:36 INFO  : Context for 'APU' is selected.
15:55:36 INFO  : Hardware design information is loaded from '/home/daniele/Sistemi_Embedded/Esercitazione_7/Driver/Esercitazione_7/Driver_GPIO_Custom/Terza_Tipologia/vivado_project/project_gpio_custom_int/gpio_project.sdk/design_for_gpio_wrapper_hw_platform_0/system.hdf'.
15:55:36 INFO  : Context for 'APU' is selected.
15:55:36 INFO  : 'stop' command is executed.
15:55:36 INFO  : 'ps7_init' command is executed.
15:55:36 INFO  : 'ps7_post_config' command is executed.
15:55:36 INFO  : Context for processor 'ps7_cortexa9_0' is selected.
15:55:36 INFO  : Processor reset is completed for 'ps7_cortexa9_0'.
15:55:36 INFO  : Context for processor 'ps7_cortexa9_0' is selected.
15:55:36 INFO  : The application '/home/daniele/Sistemi_Embedded/Esercitazione_7/Driver/Esercitazione_7/Driver_GPIO_Custom/Terza_Tipologia/vivado_project/project_gpio_custom_int/gpio_project.sdk/prova/Debug/prova.elf' is downloaded to processor 'ps7_cortexa9_0'.
15:55:36 INFO  : ----------------XSDB Script----------------
connect -url tcp:127.0.0.1:3121
source /home/daniele/Sistemi_Embedded/Esercitazione_7/Driver/Esercitazione_7/Driver_GPIO_Custom/Terza_Tipologia/vivado_project/project_gpio_custom_int/gpio_project.sdk/design_for_gpio_wrapper_hw_platform_0/ps7_init.tcl
targets -set -nocase -filter {name =~"APU*" && jtag_cable_name =~ "Digilent Zybo 210279760109A"} -index 0
loadhw /home/daniele/Sistemi_Embedded/Esercitazione_7/Driver/Esercitazione_7/Driver_GPIO_Custom/Terza_Tipologia/vivado_project/project_gpio_custom_int/gpio_project.sdk/design_for_gpio_wrapper_hw_platform_0/system.hdf
targets -set -nocase -filter {name =~"APU*" && jtag_cable_name =~ "Digilent Zybo 210279760109A"} -index 0
stop
ps7_init
ps7_post_config
targets -set -nocase -filter {name =~ "ARM*#0" && jtag_cable_name =~ "Digilent Zybo 210279760109A"} -index 0
rst -processor
targets -set -nocase -filter {name =~ "ARM*#0" && jtag_cable_name =~ "Digilent Zybo 210279760109A"} -index 0
dow /home/daniele/Sistemi_Embedded/Esercitazione_7/Driver/Esercitazione_7/Driver_GPIO_Custom/Terza_Tipologia/vivado_project/project_gpio_custom_int/gpio_project.sdk/prova/Debug/prova.elf
----------------End of Script----------------

15:55:36 INFO  : Memory regions updated for context APU
15:55:36 INFO  : Context for processor 'ps7_cortexa9_0' is selected.
15:55:36 INFO  : 'con' command is executed.
15:55:36 INFO  : ----------------XSDB Script (After Launch)----------------
targets -set -nocase -filter {name =~ "ARM*#0" && jtag_cable_name =~ "Digilent Zybo 210279760109A"} -index 0
con
----------------End of Script----------------

15:55:36 INFO  : Launch script is exported to file '/home/daniele/Sistemi_Embedded/Esercitazione_7/Driver/Esercitazione_7/Driver_GPIO_Custom/Terza_Tipologia/vivado_project/project_gpio_custom_int/gpio_project.sdk/.sdk/launch_scripts/xilinx_c-c++_application_(system_debugger)/system_debugger_using_debug_prova.elf_on_local.tcl'
15:56:03 INFO  : Connected to target on host '127.0.0.1' and port '3121'.
15:56:03 INFO  : 'targets -set -filter {jtag_cable_name =~ "Digilent Zybo 210279760109A" && level==0} -index 1' command is executed.
15:56:05 INFO  : FPGA configured successfully with bitstream "/home/daniele/Sistemi_Embedded/Esercitazione_7/Driver/Esercitazione_7/Driver_GPIO_Custom/Terza_Tipologia/vivado_project/project_gpio_custom_int/gpio_project.sdk/design_for_gpio_wrapper_hw_platform_0/design_for_gpio_wrapper.bit"
15:57:53 INFO  : Disconnected from the channel tcfchan#1.
