
*** Running vivado
    with args -log design_for_gpio_auto_pc_0.vds -m64 -product Vivado -mode batch -messageDb vivado.pb -notrace -source design_for_gpio_auto_pc_0.tcl

awk: symbol lookup error: awk: undefined symbol: mpfr_z_sub

****** Vivado v2016.4 (64-bit)
  **** SW Build 1756540 on Mon Jan 23 19:11:19 MST 2017
  **** IP Build 1755317 on Mon Jan 23 20:30:07 MST 2017
    ** Copyright 1986-2016 Xilinx, Inc. All Rights Reserved.

source design_for_gpio_auto_pc_0.tcl -notrace
awk: symbol lookup error: awk: undefined symbol: mpfr_z_sub
Starting RTL Elaboration : Time (s): cpu = 00:00:08 ; elapsed = 00:00:08 . Memory (MB): peak = 1078.562 ; gain = 148.086 ; free physical = 7780 ; free virtual = 11622
INFO: [Synth 8-638] synthesizing module 'design_for_gpio_auto_pc_0' [/home/daniele/Sistemi_Embedded/Esercitazione_7/Driver/Esercitazione_7/Driver_GPIO_Xilinx/Prima tipologia/vivado_project/project_gpio/project_gpio.srcs/sources_1/bd/design_for_gpio/ip/design_for_gpio_auto_pc_0/synth/design_for_gpio_auto_pc_0.v:58]
INFO: [Synth 8-638] synthesizing module 'axi_protocol_converter_v2_1_11_axi_protocol_converter' [/home/daniele/Sistemi_Embedded/Esercitazione_7/Driver/Esercitazione_7/Driver_GPIO_Xilinx/Prima tipologia/vivado_project/project_gpio/project_gpio.srcs/sources_1/bd/design_for_gpio/ipshared/df1b/hdl/axi_protocol_converter_v2_1_vl_rfs.v:4806]
INFO: [Synth 8-638] synthesizing module 'axi_protocol_converter_v2_1_11_b2s' [/home/daniele/Sistemi_Embedded/Esercitazione_7/Driver/Esercitazione_7/Driver_GPIO_Xilinx/Prima tipologia/vivado_project/project_gpio/project_gpio.srcs/sources_1/bd/design_for_gpio/ipshared/df1b/hdl/axi_protocol_converter_v2_1_vl_rfs.v:4224]
INFO: [Synth 8-638] synthesizing module 'axi_protocol_converter_v2_1_11_b2s_aw_channel' [/home/daniele/Sistemi_Embedded/Esercitazione_7/Driver/Esercitazione_7/Driver_GPIO_Xilinx/Prima tipologia/vivado_project/project_gpio/project_gpio.srcs/sources_1/bd/design_for_gpio/ipshared/df1b/hdl/axi_protocol_converter_v2_1_vl_rfs.v:3969]
INFO: [Synth 8-638] synthesizing module 'axi_protocol_converter_v2_1_11_b2s_cmd_translator' [/home/daniele/Sistemi_Embedded/Esercitazione_7/Driver/Esercitazione_7/Driver_GPIO_Xilinx/Prima tipologia/vivado_project/project_gpio/project_gpio.srcs/sources_1/bd/design_for_gpio/ipshared/df1b/hdl/axi_protocol_converter_v2_1_vl_rfs.v:3467]
INFO: [Synth 8-638] synthesizing module 'axi_protocol_converter_v2_1_11_b2s_incr_cmd' [/home/daniele/Sistemi_Embedded/Esercitazione_7/Driver/Esercitazione_7/Driver_GPIO_Xilinx/Prima tipologia/vivado_project/project_gpio/project_gpio.srcs/sources_1/bd/design_for_gpio/ipshared/df1b/hdl/axi_protocol_converter_v2_1_vl_rfs.v:3093]
INFO: [Synth 8-256] done synthesizing module 'axi_protocol_converter_v2_1_11_b2s_incr_cmd' (1#1) [/home/daniele/Sistemi_Embedded/Esercitazione_7/Driver/Esercitazione_7/Driver_GPIO_Xilinx/Prima tipologia/vivado_project/project_gpio/project_gpio.srcs/sources_1/bd/design_for_gpio/ipshared/df1b/hdl/axi_protocol_converter_v2_1_vl_rfs.v:3093]
INFO: [Synth 8-638] synthesizing module 'axi_protocol_converter_v2_1_11_b2s_wrap_cmd' [/home/daniele/Sistemi_Embedded/Esercitazione_7/Driver/Esercitazione_7/Driver_GPIO_Xilinx/Prima tipologia/vivado_project/project_gpio/project_gpio.srcs/sources_1/bd/design_for_gpio/ipshared/df1b/hdl/axi_protocol_converter_v2_1_vl_rfs.v:2903]
INFO: [Synth 8-256] done synthesizing module 'axi_protocol_converter_v2_1_11_b2s_wrap_cmd' (2#1) [/home/daniele/Sistemi_Embedded/Esercitazione_7/Driver/Esercitazione_7/Driver_GPIO_Xilinx/Prima tipologia/vivado_project/project_gpio/project_gpio.srcs/sources_1/bd/design_for_gpio/ipshared/df1b/hdl/axi_protocol_converter_v2_1_vl_rfs.v:2903]
INFO: [Synth 8-256] done synthesizing module 'axi_protocol_converter_v2_1_11_b2s_cmd_translator' (3#1) [/home/daniele/Sistemi_Embedded/Esercitazione_7/Driver/Esercitazione_7/Driver_GPIO_Xilinx/Prima tipologia/vivado_project/project_gpio/project_gpio.srcs/sources_1/bd/design_for_gpio/ipshared/df1b/hdl/axi_protocol_converter_v2_1_vl_rfs.v:3467]
INFO: [Synth 8-638] synthesizing module 'axi_protocol_converter_v2_1_11_b2s_wr_cmd_fsm' [/home/daniele/Sistemi_Embedded/Esercitazione_7/Driver/Esercitazione_7/Driver_GPIO_Xilinx/Prima tipologia/vivado_project/project_gpio/project_gpio.srcs/sources_1/bd/design_for_gpio/ipshared/df1b/hdl/axi_protocol_converter_v2_1_vl_rfs.v:3225]
INFO: [Synth 8-256] done synthesizing module 'axi_protocol_converter_v2_1_11_b2s_wr_cmd_fsm' (4#1) [/home/daniele/Sistemi_Embedded/Esercitazione_7/Driver/Esercitazione_7/Driver_GPIO_Xilinx/Prima tipologia/vivado_project/project_gpio/project_gpio.srcs/sources_1/bd/design_for_gpio/ipshared/df1b/hdl/axi_protocol_converter_v2_1_vl_rfs.v:3225]
INFO: [Synth 8-256] done synthesizing module 'axi_protocol_converter_v2_1_11_b2s_aw_channel' (5#1) [/home/daniele/Sistemi_Embedded/Esercitazione_7/Driver/Esercitazione_7/Driver_GPIO_Xilinx/Prima tipologia/vivado_project/project_gpio/project_gpio.srcs/sources_1/bd/design_for_gpio/ipshared/df1b/hdl/axi_protocol_converter_v2_1_vl_rfs.v:3969]
INFO: [Synth 8-638] synthesizing module 'axi_protocol_converter_v2_1_11_b2s_b_channel' [/home/daniele/Sistemi_Embedded/Esercitazione_7/Driver/Esercitazione_7/Driver_GPIO_Xilinx/Prima tipologia/vivado_project/project_gpio/project_gpio.srcs/sources_1/bd/design_for_gpio/ipshared/df1b/hdl/axi_protocol_converter_v2_1_vl_rfs.v:3609]
INFO: [Synth 8-638] synthesizing module 'axi_protocol_converter_v2_1_11_b2s_simple_fifo' [/home/daniele/Sistemi_Embedded/Esercitazione_7/Driver/Esercitazione_7/Driver_GPIO_Xilinx/Prima tipologia/vivado_project/project_gpio/project_gpio.srcs/sources_1/bd/design_for_gpio/ipshared/df1b/hdl/axi_protocol_converter_v2_1_vl_rfs.v:2816]
INFO: [Synth 8-256] done synthesizing module 'axi_protocol_converter_v2_1_11_b2s_simple_fifo' (6#1) [/home/daniele/Sistemi_Embedded/Esercitazione_7/Driver/Esercitazione_7/Driver_GPIO_Xilinx/Prima tipologia/vivado_project/project_gpio/project_gpio.srcs/sources_1/bd/design_for_gpio/ipshared/df1b/hdl/axi_protocol_converter_v2_1_vl_rfs.v:2816]
INFO: [Synth 8-638] synthesizing module 'axi_protocol_converter_v2_1_11_b2s_simple_fifo__parameterized0' [/home/daniele/Sistemi_Embedded/Esercitazione_7/Driver/Esercitazione_7/Driver_GPIO_Xilinx/Prima tipologia/vivado_project/project_gpio/project_gpio.srcs/sources_1/bd/design_for_gpio/ipshared/df1b/hdl/axi_protocol_converter_v2_1_vl_rfs.v:2816]
INFO: [Synth 8-256] done synthesizing module 'axi_protocol_converter_v2_1_11_b2s_simple_fifo__parameterized0' (6#1) [/home/daniele/Sistemi_Embedded/Esercitazione_7/Driver/Esercitazione_7/Driver_GPIO_Xilinx/Prima tipologia/vivado_project/project_gpio/project_gpio.srcs/sources_1/bd/design_for_gpio/ipshared/df1b/hdl/axi_protocol_converter_v2_1_vl_rfs.v:2816]
INFO: [Synth 8-256] done synthesizing module 'axi_protocol_converter_v2_1_11_b2s_b_channel' (7#1) [/home/daniele/Sistemi_Embedded/Esercitazione_7/Driver/Esercitazione_7/Driver_GPIO_Xilinx/Prima tipologia/vivado_project/project_gpio/project_gpio.srcs/sources_1/bd/design_for_gpio/ipshared/df1b/hdl/axi_protocol_converter_v2_1_vl_rfs.v:3609]
INFO: [Synth 8-638] synthesizing module 'axi_protocol_converter_v2_1_11_b2s_ar_channel' [/home/daniele/Sistemi_Embedded/Esercitazione_7/Driver/Esercitazione_7/Driver_GPIO_Xilinx/Prima tipologia/vivado_project/project_gpio/project_gpio.srcs/sources_1/bd/design_for_gpio/ipshared/df1b/hdl/axi_protocol_converter_v2_1_vl_rfs.v:4080]
INFO: [Synth 8-638] synthesizing module 'axi_protocol_converter_v2_1_11_b2s_rd_cmd_fsm' [/home/daniele/Sistemi_Embedded/Esercitazione_7/Driver/Esercitazione_7/Driver_GPIO_Xilinx/Prima tipologia/vivado_project/project_gpio/project_gpio.srcs/sources_1/bd/design_for_gpio/ipshared/df1b/hdl/axi_protocol_converter_v2_1_vl_rfs.v:3336]
INFO: [Synth 8-256] done synthesizing module 'axi_protocol_converter_v2_1_11_b2s_rd_cmd_fsm' (8#1) [/home/daniele/Sistemi_Embedded/Esercitazione_7/Driver/Esercitazione_7/Driver_GPIO_Xilinx/Prima tipologia/vivado_project/project_gpio/project_gpio.srcs/sources_1/bd/design_for_gpio/ipshared/df1b/hdl/axi_protocol_converter_v2_1_vl_rfs.v:3336]
INFO: [Synth 8-256] done synthesizing module 'axi_protocol_converter_v2_1_11_b2s_ar_channel' (9#1) [/home/daniele/Sistemi_Embedded/Esercitazione_7/Driver/Esercitazione_7/Driver_GPIO_Xilinx/Prima tipologia/vivado_project/project_gpio/project_gpio.srcs/sources_1/bd/design_for_gpio/ipshared/df1b/hdl/axi_protocol_converter_v2_1_vl_rfs.v:4080]
INFO: [Synth 8-638] synthesizing module 'axi_protocol_converter_v2_1_11_b2s_r_channel' [/home/daniele/Sistemi_Embedded/Esercitazione_7/Driver/Esercitazione_7/Driver_GPIO_Xilinx/Prima tipologia/vivado_project/project_gpio/project_gpio.srcs/sources_1/bd/design_for_gpio/ipshared/df1b/hdl/axi_protocol_converter_v2_1_vl_rfs.v:3809]
INFO: [Synth 8-638] synthesizing module 'axi_protocol_converter_v2_1_11_b2s_simple_fifo__parameterized1' [/home/daniele/Sistemi_Embedded/Esercitazione_7/Driver/Esercitazione_7/Driver_GPIO_Xilinx/Prima tipologia/vivado_project/project_gpio/project_gpio.srcs/sources_1/bd/design_for_gpio/ipshared/df1b/hdl/axi_protocol_converter_v2_1_vl_rfs.v:2816]
INFO: [Synth 8-256] done synthesizing module 'axi_protocol_converter_v2_1_11_b2s_simple_fifo__parameterized1' (9#1) [/home/daniele/Sistemi_Embedded/Esercitazione_7/Driver/Esercitazione_7/Driver_GPIO_Xilinx/Prima tipologia/vivado_project/project_gpio/project_gpio.srcs/sources_1/bd/design_for_gpio/ipshared/df1b/hdl/axi_protocol_converter_v2_1_vl_rfs.v:2816]
INFO: [Synth 8-638] synthesizing module 'axi_protocol_converter_v2_1_11_b2s_simple_fifo__parameterized2' [/home/daniele/Sistemi_Embedded/Esercitazione_7/Driver/Esercitazione_7/Driver_GPIO_Xilinx/Prima tipologia/vivado_project/project_gpio/project_gpio.srcs/sources_1/bd/design_for_gpio/ipshared/df1b/hdl/axi_protocol_converter_v2_1_vl_rfs.v:2816]
INFO: [Synth 8-256] done synthesizing module 'axi_protocol_converter_v2_1_11_b2s_simple_fifo__parameterized2' (9#1) [/home/daniele/Sistemi_Embedded/Esercitazione_7/Driver/Esercitazione_7/Driver_GPIO_Xilinx/Prima tipologia/vivado_project/project_gpio/project_gpio.srcs/sources_1/bd/design_for_gpio/ipshared/df1b/hdl/axi_protocol_converter_v2_1_vl_rfs.v:2816]
INFO: [Synth 8-256] done synthesizing module 'axi_protocol_converter_v2_1_11_b2s_r_channel' (10#1) [/home/daniele/Sistemi_Embedded/Esercitazione_7/Driver/Esercitazione_7/Driver_GPIO_Xilinx/Prima tipologia/vivado_project/project_gpio/project_gpio.srcs/sources_1/bd/design_for_gpio/ipshared/df1b/hdl/axi_protocol_converter_v2_1_vl_rfs.v:3809]
INFO: [Synth 8-638] synthesizing module 'axi_register_slice_v2_1_11_axi_register_slice' [/home/daniele/Sistemi_Embedded/Esercitazione_7/Driver/Esercitazione_7/Driver_GPIO_Xilinx/Prima tipologia/vivado_project/project_gpio/project_gpio.srcs/sources_1/bd/design_for_gpio/ipshared/0b6b/hdl/axi_register_slice_v2_1_vl_rfs.v:791]
INFO: [Synth 8-638] synthesizing module 'axi_infrastructure_v1_1_0_axi2vector' [/home/daniele/Sistemi_Embedded/Esercitazione_7/Driver/Esercitazione_7/Driver_GPIO_Xilinx/Prima tipologia/vivado_project/project_gpio/project_gpio.srcs/sources_1/bd/design_for_gpio/ipshared/7e3a/hdl/axi_infrastructure_v1_1_vl_rfs.v:60]
INFO: [Synth 8-256] done synthesizing module 'axi_infrastructure_v1_1_0_axi2vector' (11#1) [/home/daniele/Sistemi_Embedded/Esercitazione_7/Driver/Esercitazione_7/Driver_GPIO_Xilinx/Prima tipologia/vivado_project/project_gpio/project_gpio.srcs/sources_1/bd/design_for_gpio/ipshared/7e3a/hdl/axi_infrastructure_v1_1_vl_rfs.v:60]
INFO: [Synth 8-638] synthesizing module 'axi_register_slice_v2_1_11_axic_register_slice' [/home/daniele/Sistemi_Embedded/Esercitazione_7/Driver/Esercitazione_7/Driver_GPIO_Xilinx/Prima tipologia/vivado_project/project_gpio/project_gpio.srcs/sources_1/bd/design_for_gpio/ipshared/0b6b/hdl/axi_register_slice_v2_1_vl_rfs.v:85]
INFO: [Synth 8-256] done synthesizing module 'axi_register_slice_v2_1_11_axic_register_slice' (12#1) [/home/daniele/Sistemi_Embedded/Esercitazione_7/Driver/Esercitazione_7/Driver_GPIO_Xilinx/Prima tipologia/vivado_project/project_gpio/project_gpio.srcs/sources_1/bd/design_for_gpio/ipshared/0b6b/hdl/axi_register_slice_v2_1_vl_rfs.v:85]
INFO: [Synth 8-638] synthesizing module 'axi_register_slice_v2_1_11_axic_register_slice__parameterized0' [/home/daniele/Sistemi_Embedded/Esercitazione_7/Driver/Esercitazione_7/Driver_GPIO_Xilinx/Prima tipologia/vivado_project/project_gpio/project_gpio.srcs/sources_1/bd/design_for_gpio/ipshared/0b6b/hdl/axi_register_slice_v2_1_vl_rfs.v:85]
INFO: [Synth 8-256] done synthesizing module 'axi_register_slice_v2_1_11_axic_register_slice__parameterized0' (12#1) [/home/daniele/Sistemi_Embedded/Esercitazione_7/Driver/Esercitazione_7/Driver_GPIO_Xilinx/Prima tipologia/vivado_project/project_gpio/project_gpio.srcs/sources_1/bd/design_for_gpio/ipshared/0b6b/hdl/axi_register_slice_v2_1_vl_rfs.v:85]
INFO: [Synth 8-638] synthesizing module 'axi_register_slice_v2_1_11_axic_register_slice__parameterized1' [/home/daniele/Sistemi_Embedded/Esercitazione_7/Driver/Esercitazione_7/Driver_GPIO_Xilinx/Prima tipologia/vivado_project/project_gpio/project_gpio.srcs/sources_1/bd/design_for_gpio/ipshared/0b6b/hdl/axi_register_slice_v2_1_vl_rfs.v:85]
INFO: [Synth 8-256] done synthesizing module 'axi_register_slice_v2_1_11_axic_register_slice__parameterized1' (12#1) [/home/daniele/Sistemi_Embedded/Esercitazione_7/Driver/Esercitazione_7/Driver_GPIO_Xilinx/Prima tipologia/vivado_project/project_gpio/project_gpio.srcs/sources_1/bd/design_for_gpio/ipshared/0b6b/hdl/axi_register_slice_v2_1_vl_rfs.v:85]
INFO: [Synth 8-638] synthesizing module 'axi_register_slice_v2_1_11_axic_register_slice__parameterized2' [/home/daniele/Sistemi_Embedded/Esercitazione_7/Driver/Esercitazione_7/Driver_GPIO_Xilinx/Prima tipologia/vivado_project/project_gpio/project_gpio.srcs/sources_1/bd/design_for_gpio/ipshared/0b6b/hdl/axi_register_slice_v2_1_vl_rfs.v:85]
INFO: [Synth 8-256] done synthesizing module 'axi_register_slice_v2_1_11_axic_register_slice__parameterized2' (12#1) [/home/daniele/Sistemi_Embedded/Esercitazione_7/Driver/Esercitazione_7/Driver_GPIO_Xilinx/Prima tipologia/vivado_project/project_gpio/project_gpio.srcs/sources_1/bd/design_for_gpio/ipshared/0b6b/hdl/axi_register_slice_v2_1_vl_rfs.v:85]
INFO: [Synth 8-638] synthesizing module 'axi_infrastructure_v1_1_0_vector2axi' [/home/daniele/Sistemi_Embedded/Esercitazione_7/Driver/Esercitazione_7/Driver_GPIO_Xilinx/Prima tipologia/vivado_project/project_gpio/project_gpio.srcs/sources_1/bd/design_for_gpio/ipshared/7e3a/hdl/axi_infrastructure_v1_1_vl_rfs.v:474]
INFO: [Synth 8-256] done synthesizing module 'axi_infrastructure_v1_1_0_vector2axi' (13#1) [/home/daniele/Sistemi_Embedded/Esercitazione_7/Driver/Esercitazione_7/Driver_GPIO_Xilinx/Prima tipologia/vivado_project/project_gpio/project_gpio.srcs/sources_1/bd/design_for_gpio/ipshared/7e3a/hdl/axi_infrastructure_v1_1_vl_rfs.v:474]
INFO: [Synth 8-256] done synthesizing module 'axi_register_slice_v2_1_11_axi_register_slice' (14#1) [/home/daniele/Sistemi_Embedded/Esercitazione_7/Driver/Esercitazione_7/Driver_GPIO_Xilinx/Prima tipologia/vivado_project/project_gpio/project_gpio.srcs/sources_1/bd/design_for_gpio/ipshared/0b6b/hdl/axi_register_slice_v2_1_vl_rfs.v:791]
INFO: [Synth 8-638] synthesizing module 'axi_register_slice_v2_1_11_axi_register_slice__parameterized0' [/home/daniele/Sistemi_Embedded/Esercitazione_7/Driver/Esercitazione_7/Driver_GPIO_Xilinx/Prima tipologia/vivado_project/project_gpio/project_gpio.srcs/sources_1/bd/design_for_gpio/ipshared/0b6b/hdl/axi_register_slice_v2_1_vl_rfs.v:791]
INFO: [Synth 8-638] synthesizing module 'axi_infrastructure_v1_1_0_axi2vector__parameterized0' [/home/daniele/Sistemi_Embedded/Esercitazione_7/Driver/Esercitazione_7/Driver_GPIO_Xilinx/Prima tipologia/vivado_project/project_gpio/project_gpio.srcs/sources_1/bd/design_for_gpio/ipshared/7e3a/hdl/axi_infrastructure_v1_1_vl_rfs.v:60]
INFO: [Synth 8-256] done synthesizing module 'axi_infrastructure_v1_1_0_axi2vector__parameterized0' (14#1) [/home/daniele/Sistemi_Embedded/Esercitazione_7/Driver/Esercitazione_7/Driver_GPIO_Xilinx/Prima tipologia/vivado_project/project_gpio/project_gpio.srcs/sources_1/bd/design_for_gpio/ipshared/7e3a/hdl/axi_infrastructure_v1_1_vl_rfs.v:60]
INFO: [Synth 8-638] synthesizing module 'axi_register_slice_v2_1_11_axic_register_slice__parameterized3' [/home/daniele/Sistemi_Embedded/Esercitazione_7/Driver/Esercitazione_7/Driver_GPIO_Xilinx/Prima tipologia/vivado_project/project_gpio/project_gpio.srcs/sources_1/bd/design_for_gpio/ipshared/0b6b/hdl/axi_register_slice_v2_1_vl_rfs.v:85]
INFO: [Synth 8-256] done synthesizing module 'axi_register_slice_v2_1_11_axic_register_slice__parameterized3' (14#1) [/home/daniele/Sistemi_Embedded/Esercitazione_7/Driver/Esercitazione_7/Driver_GPIO_Xilinx/Prima tipologia/vivado_project/project_gpio/project_gpio.srcs/sources_1/bd/design_for_gpio/ipshared/0b6b/hdl/axi_register_slice_v2_1_vl_rfs.v:85]
INFO: [Synth 8-638] synthesizing module 'axi_register_slice_v2_1_11_axic_register_slice__parameterized4' [/home/daniele/Sistemi_Embedded/Esercitazione_7/Driver/Esercitazione_7/Driver_GPIO_Xilinx/Prima tipologia/vivado_project/project_gpio/project_gpio.srcs/sources_1/bd/design_for_gpio/ipshared/0b6b/hdl/axi_register_slice_v2_1_vl_rfs.v:85]
INFO: [Synth 8-256] done synthesizing module 'axi_register_slice_v2_1_11_axic_register_slice__parameterized4' (14#1) [/home/daniele/Sistemi_Embedded/Esercitazione_7/Driver/Esercitazione_7/Driver_GPIO_Xilinx/Prima tipologia/vivado_project/project_gpio/project_gpio.srcs/sources_1/bd/design_for_gpio/ipshared/0b6b/hdl/axi_register_slice_v2_1_vl_rfs.v:85]
INFO: [Synth 8-638] synthesizing module 'axi_register_slice_v2_1_11_axic_register_slice__parameterized5' [/home/daniele/Sistemi_Embedded/Esercitazione_7/Driver/Esercitazione_7/Driver_GPIO_Xilinx/Prima tipologia/vivado_project/project_gpio/project_gpio.srcs/sources_1/bd/design_for_gpio/ipshared/0b6b/hdl/axi_register_slice_v2_1_vl_rfs.v:85]
INFO: [Synth 8-256] done synthesizing module 'axi_register_slice_v2_1_11_axic_register_slice__parameterized5' (14#1) [/home/daniele/Sistemi_Embedded/Esercitazione_7/Driver/Esercitazione_7/Driver_GPIO_Xilinx/Prima tipologia/vivado_project/project_gpio/project_gpio.srcs/sources_1/bd/design_for_gpio/ipshared/0b6b/hdl/axi_register_slice_v2_1_vl_rfs.v:85]
INFO: [Synth 8-638] synthesizing module 'axi_register_slice_v2_1_11_axic_register_slice__parameterized6' [/home/daniele/Sistemi_Embedded/Esercitazione_7/Driver/Esercitazione_7/Driver_GPIO_Xilinx/Prima tipologia/vivado_project/project_gpio/project_gpio.srcs/sources_1/bd/design_for_gpio/ipshared/0b6b/hdl/axi_register_slice_v2_1_vl_rfs.v:85]
INFO: [Synth 8-256] done synthesizing module 'axi_register_slice_v2_1_11_axic_register_slice__parameterized6' (14#1) [/home/daniele/Sistemi_Embedded/Esercitazione_7/Driver/Esercitazione_7/Driver_GPIO_Xilinx/Prima tipologia/vivado_project/project_gpio/project_gpio.srcs/sources_1/bd/design_for_gpio/ipshared/0b6b/hdl/axi_register_slice_v2_1_vl_rfs.v:85]
INFO: [Synth 8-638] synthesizing module 'axi_register_slice_v2_1_11_axic_register_slice__parameterized7' [/home/daniele/Sistemi_Embedded/Esercitazione_7/Driver/Esercitazione_7/Driver_GPIO_Xilinx/Prima tipologia/vivado_project/project_gpio/project_gpio.srcs/sources_1/bd/design_for_gpio/ipshared/0b6b/hdl/axi_register_slice_v2_1_vl_rfs.v:85]
INFO: [Synth 8-256] done synthesizing module 'axi_register_slice_v2_1_11_axic_register_slice__parameterized7' (14#1) [/home/daniele/Sistemi_Embedded/Esercitazione_7/Driver/Esercitazione_7/Driver_GPIO_Xilinx/Prima tipologia/vivado_project/project_gpio/project_gpio.srcs/sources_1/bd/design_for_gpio/ipshared/0b6b/hdl/axi_register_slice_v2_1_vl_rfs.v:85]
INFO: [Synth 8-638] synthesizing module 'axi_infrastructure_v1_1_0_vector2axi__parameterized0' [/home/daniele/Sistemi_Embedded/Esercitazione_7/Driver/Esercitazione_7/Driver_GPIO_Xilinx/Prima tipologia/vivado_project/project_gpio/project_gpio.srcs/sources_1/bd/design_for_gpio/ipshared/7e3a/hdl/axi_infrastructure_v1_1_vl_rfs.v:474]
INFO: [Synth 8-256] done synthesizing module 'axi_infrastructure_v1_1_0_vector2axi__parameterized0' (14#1) [/home/daniele/Sistemi_Embedded/Esercitazione_7/Driver/Esercitazione_7/Driver_GPIO_Xilinx/Prima tipologia/vivado_project/project_gpio/project_gpio.srcs/sources_1/bd/design_for_gpio/ipshared/7e3a/hdl/axi_infrastructure_v1_1_vl_rfs.v:474]
INFO: [Synth 8-256] done synthesizing module 'axi_register_slice_v2_1_11_axi_register_slice__parameterized0' (14#1) [/home/daniele/Sistemi_Embedded/Esercitazione_7/Driver/Esercitazione_7/Driver_GPIO_Xilinx/Prima tipologia/vivado_project/project_gpio/project_gpio.srcs/sources_1/bd/design_for_gpio/ipshared/0b6b/hdl/axi_register_slice_v2_1_vl_rfs.v:791]
INFO: [Synth 8-256] done synthesizing module 'axi_protocol_converter_v2_1_11_b2s' (15#1) [/home/daniele/Sistemi_Embedded/Esercitazione_7/Driver/Esercitazione_7/Driver_GPIO_Xilinx/Prima tipologia/vivado_project/project_gpio/project_gpio.srcs/sources_1/bd/design_for_gpio/ipshared/df1b/hdl/axi_protocol_converter_v2_1_vl_rfs.v:4224]
INFO: [Synth 8-256] done synthesizing module 'axi_protocol_converter_v2_1_11_axi_protocol_converter' (16#1) [/home/daniele/Sistemi_Embedded/Esercitazione_7/Driver/Esercitazione_7/Driver_GPIO_Xilinx/Prima tipologia/vivado_project/project_gpio/project_gpio.srcs/sources_1/bd/design_for_gpio/ipshared/df1b/hdl/axi_protocol_converter_v2_1_vl_rfs.v:4806]
INFO: [Synth 8-256] done synthesizing module 'design_for_gpio_auto_pc_0' (17#1) [/home/daniele/Sistemi_Embedded/Esercitazione_7/Driver/Esercitazione_7/Driver_GPIO_Xilinx/Prima tipologia/vivado_project/project_gpio/project_gpio.srcs/sources_1/bd/design_for_gpio/ip/design_for_gpio_auto_pc_0/synth/design_for_gpio_auto_pc_0.v:58]
Finished RTL Elaboration : Time (s): cpu = 00:00:31 ; elapsed = 00:00:32 . Memory (MB): peak = 1199.031 ; gain = 268.555 ; free physical = 8359 ; free virtual = 12206
Finished RTL Optimization Phase 1 : Time (s): cpu = 00:00:32 ; elapsed = 00:00:32 . Memory (MB): peak = 1199.031 ; gain = 268.555 ; free physical = 8349 ; free virtual = 12197
INFO: [Device 21-403] Loading part xc7z010clg400-1
Constraint Validation Runtime : Time (s): cpu = 00:00:00.07 ; elapsed = 00:00:00.04 . Memory (MB): peak = 1489.867 ; gain = 0.000 ; free physical = 8165 ; free virtual = 12012
Finished Constraint Validation : Time (s): cpu = 00:00:41 ; elapsed = 00:00:41 . Memory (MB): peak = 1489.867 ; gain = 559.391 ; free physical = 8205 ; free virtual = 12049
Finished Loading Part and Timing Information : Time (s): cpu = 00:00:41 ; elapsed = 00:00:41 . Memory (MB): peak = 1489.867 ; gain = 559.391 ; free physical = 8205 ; free virtual = 12049
Finished applying 'set_property' XDC Constraints : Time (s): cpu = 00:00:41 ; elapsed = 00:00:41 . Memory (MB): peak = 1489.867 ; gain = 559.391 ; free physical = 8205 ; free virtual = 12049
Finished RTL Optimization Phase 2 : Time (s): cpu = 00:00:41 ; elapsed = 00:00:42 . Memory (MB): peak = 1489.867 ; gain = 559.391 ; free physical = 8236 ; free virtual = 12080
Finished Cross Boundary and Area Optimization : Time (s): cpu = 00:00:43 ; elapsed = 00:00:44 . Memory (MB): peak = 1489.867 ; gain = 559.391 ; free physical = 8244 ; free virtual = 12088
Finished Applying XDC Timing Constraints : Time (s): cpu = 00:00:51 ; elapsed = 00:00:51 . Memory (MB): peak = 1489.867 ; gain = 559.391 ; free physical = 8222 ; free virtual = 12067
Finished Timing Optimization : Time (s): cpu = 00:00:52 ; elapsed = 00:00:52 . Memory (MB): peak = 1489.867 ; gain = 559.391 ; free physical = 8182 ; free virtual = 12027
Finished Technology Mapping : Time (s): cpu = 00:00:52 ; elapsed = 00:00:53 . Memory (MB): peak = 1489.867 ; gain = 559.391 ; free physical = 8172 ; free virtual = 12017
Finished IO Insertion : Time (s): cpu = 00:00:53 ; elapsed = 00:00:53 . Memory (MB): peak = 1489.867 ; gain = 559.391 ; free physical = 8172 ; free virtual = 12017
Finished Renaming Generated Instances : Time (s): cpu = 00:00:53 ; elapsed = 00:00:53 . Memory (MB): peak = 1489.867 ; gain = 559.391 ; free physical = 8172 ; free virtual = 12017
Finished Rebuilding User Hierarchy : Time (s): cpu = 00:00:53 ; elapsed = 00:00:53 . Memory (MB): peak = 1489.867 ; gain = 559.391 ; free physical = 8172 ; free virtual = 12017
Finished Renaming Generated Ports : Time (s): cpu = 00:00:53 ; elapsed = 00:00:53 . Memory (MB): peak = 1489.867 ; gain = 559.391 ; free physical = 8172 ; free virtual = 12017
Finished Handling Custom Attributes : Time (s): cpu = 00:00:53 ; elapsed = 00:00:53 . Memory (MB): peak = 1489.867 ; gain = 559.391 ; free physical = 8172 ; free virtual = 12017
Finished Renaming Generated Nets : Time (s): cpu = 00:00:53 ; elapsed = 00:00:53 . Memory (MB): peak = 1489.867 ; gain = 559.391 ; free physical = 8172 ; free virtual = 12017

Report Cell Usage: 
+------+--------+------+
|      |Cell    |Count |
+------+--------+------+
|1     |CARRY4  |    18|
|2     |LUT1    |    38|
|3     |LUT2    |    18|
|4     |LUT3    |   235|
|5     |LUT4    |    41|
|6     |LUT5    |    70|
|7     |LUT6    |   106|
|8     |SRL16E  |    18|
|9     |SRLC32E |    47|
|10    |FDRE    |   548|
|11    |FDSE    |    51|
+------+--------+------+
Finished Writing Synthesis Report : Time (s): cpu = 00:00:53 ; elapsed = 00:00:53 . Memory (MB): peak = 1489.867 ; gain = 559.391 ; free physical = 8172 ; free virtual = 12017
synth_design: Time (s): cpu = 00:00:52 ; elapsed = 00:00:52 . Memory (MB): peak = 1513.477 ; gain = 515.496 ; free physical = 8125 ; free virtual = 11979
