#-----------------------------------------------------------
# Webtalk v2016.4 (64-bit)
# SW Build 1756540 on Mon Jan 23 19:11:19 MST 2017
# 
# Start of session at: Sun Jul  9 17:43:45 2017
# Process ID: 18673
# Current directory: /home/daniele/Sistemi_Embedded/Esercitazione_7/Driver/Esercitazione_7/Driver_GPIO_Xilinx/Prima_tipologia/vivado_project/project_gpio/project_gpio.sdk/webtalk
# Command line: wbtcv -mode batch -source sdk_webtalk.tcl
# Log file: /home/daniele/Sistemi_Embedded/Esercitazione_7/Driver/Esercitazione_7/Driver_GPIO_Xilinx/Prima_tipologia/vivado_project/project_gpio/project_gpio.sdk/webtalk/webtalk.log
# Journal file: /home/daniele/Sistemi_Embedded/Esercitazione_7/Driver/Esercitazione_7/Driver_GPIO_Xilinx/Prima_tipologia/vivado_project/project_gpio/project_gpio.sdk/webtalk/webtalk.jou
#-----------------------------------------------------------
source sdk_webtalk.tcl
# webtalk_init -webtalk_dir /home/daniele/Sistemi_Embedded/Esercitazione_7/Driver/Esercitazione_7/Driver_GPIO_Xilinx/Prima_tipologia/vivado_project/project_gpio/project_gpio.sdk/webtalk
# webtalk_register_client -client project
# webtalk_add_data -client project -key date_generated -value "2017-07-09 17:43:45" -context "software_version_and_target_device"
# webtalk_add_data -client project -key product_version -value "SDK v2016.4" -context "software_version_and_target_device"
# webtalk_add_data -client project -key build_version -value "2016.4" -context "software_version_and_target_device"
# webtalk_add_data -client project -key os_platform -value "amd64" -context "software_version_and_target_device"
# webtalk_add_data -client project -key registration_id -value "" -context "software_version_and_target_device"
# webtalk_add_data -client project -key tool_flow -value "SDK" -context "software_version_and_target_device"
# webtalk_add_data -client project -key beta -value "false" -context "software_version_and_target_device"
# webtalk_add_data -client project -key route_design -value "NA" -context "software_version_and_target_device"
# webtalk_add_data -client project -key target_family -value "NA" -context "software_version_and_target_device"
# webtalk_add_data -client project -key target_device -value "NA" -context "software_version_and_target_device"
# webtalk_add_data -client project -key target_package -value "NA" -context "software_version_and_target_device"
# webtalk_add_data -client project -key target_speed -value "NA" -context "software_version_and_target_device"
# webtalk_add_data -client project -key random_id -value "jmhbnckj0g54scndn9jo19kg3r" -context "software_version_and_target_device"
# webtalk_add_data -client project -key project_id -value "2016.4_12" -context "software_version_and_target_device"
# webtalk_add_data -client project -key project_iteration -value "12" -context "software_version_and_target_device"
# webtalk_add_data -client project -key os_name -value "Ubuntu" -context "user_environment"
# webtalk_add_data -client project -key os_release -value "Ubuntu 16.04.2 LTS" -context "user_environment"
# webtalk_add_data -client project -key cpu_name -value "Intel(R) Core(TM) i7-6700HQ CPU @ 2.60GHz" -context "user_environment"
# webtalk_add_data -client project -key cpu_speed -value "1339.355 MHz" -context "user_environment"
# webtalk_add_data -client project -key total_processors -value "1" -context "user_environment"
# webtalk_add_data -client project -key system_ram -value "16,000 GB" -context "user_environment"
# webtalk_register_client -client sdk
# webtalk_add_data -client sdk -key uid -value "1499620124000" -context "sdk\\\\hardware/1499620124000"
# webtalk_add_data -client sdk -key isZynq -value "true" -context "sdk\\\\hardware/1499620124000"
# webtalk_add_data -client sdk -key isZynqMP -value "false" -context "sdk\\\\hardware/1499620124000"
# webtalk_add_data -client sdk -key Processors -value "2" -context "sdk\\\\hardware/1499620124000"
# webtalk_add_data -client sdk -key VivadoVersion -value "2016.4" -context "sdk\\\\hardware/1499620124000"
# webtalk_add_data -client sdk -key Arch -value "zynq" -context "sdk\\\\hardware/1499620124000"
# webtalk_add_data -client sdk -key Device -value "7z010" -context "sdk\\\\hardware/1499620124000"
# webtalk_add_data -client sdk -key IsHandoff -value "true" -context "sdk\\\\hardware/1499620124000"
# webtalk_add_data -client sdk -key os -value "NA" -context "sdk\\\\hardware/1499620124000"
# webtalk_add_data -client sdk -key apptemplate -value "NA" -context "sdk\\\\hardware/1499620124000"
# webtalk_add_data -client sdk -key RecordType -value "HWCreation" -context "sdk\\\\hardware/1499620124000"
# webtalk_add_data -client sdk -key uid -value "1499620156000" -context "sdk\\\\bsp/1499620156000"
# webtalk_add_data -client sdk -key hwid -value "1499620124000" -context "sdk\\\\bsp/1499620156000"
# webtalk_add_data -client sdk -key os -value "standalone" -context "sdk\\\\bsp/1499620156000"
# webtalk_add_data -client sdk -key apptemplate -value "zynq_fsbl" -context "sdk\\\\bsp/1499620156000"
# webtalk_add_data -client sdk -key RecordType -value "BSPCreation" -context "sdk\\\\bsp/1499620156000"
# webtalk_add_data -client sdk -key uid -value "1499620164000" -context "sdk\\\\application/1499620164000"
# webtalk_add_data -client sdk -key hwid -value "1499620124000" -context "sdk\\\\application/1499620164000"
# webtalk_add_data -client sdk -key bspid -value "1499620156000" -context "sdk\\\\application/1499620164000"
# webtalk_add_data -client sdk -key newbsp -value "true" -context "sdk\\\\application/1499620164000"
# webtalk_add_data -client sdk -key os -value "standalone" -context "sdk\\\\application/1499620164000"
# webtalk_add_data -client sdk -key apptemplate -value "zynq_fsbl" -context "sdk\\\\application/1499620164000"
# webtalk_add_data -client sdk -key RecordType -value "APPCreation" -context "sdk\\\\application/1499620164000"
# webtalk_add_data -client sdk -key LangUsed -value "C" -context "sdk\\\\application/1499620164000"
# webtalk_add_data -client sdk -key Procused -value "ps7_cortexa9" -context "sdk\\\\application/1499620164000"
# webtalk_add_data -client sdk -key projSize -value "336.21484375" -context "sdk\\\\application/1499620164000"
# webtalk_add_data -client sdk -key uid -value "1499621422000" -context "sdk\\\\bsp/1499621422000"
# webtalk_add_data -client sdk -key hwid -value "1499620124000" -context "sdk\\\\bsp/1499621422000"
# webtalk_add_data -client sdk -key os -value "device_tree" -context "sdk\\\\bsp/1499621422000"
# webtalk_add_data -client sdk -key apptemplate -value "null" -context "sdk\\\\bsp/1499621422000"
# webtalk_add_data -client sdk -key RecordType -value "BSPCreation" -context "sdk\\\\bsp/1499621422000"
# webtalk_add_data -client sdk -key uid -value "NA" -context "sdk\\\\bsp/1499622225314"
# webtalk_add_data -client sdk -key RecordType -value "ToolUsage" -context "sdk\\\\bsp/1499622225314"
# webtalk_add_data -client sdk -key BootgenCount -value "1" -context "sdk\\\\bsp/1499622225314"
# webtalk_add_data -client sdk -key DebugCount -value "0" -context "sdk\\\\bsp/1499622225314"
# webtalk_add_data -client sdk -key PerfCount -value "0" -context "sdk\\\\bsp/1499622225314"
# webtalk_add_data -client sdk -key FlashCount -value "0" -context "sdk\\\\bsp/1499622225314"
# webtalk_add_data -client sdk -key CrossTriggCount -value "0" -context "sdk\\\\bsp/1499622225314"
# webtalk_add_data -client sdk -key QemuDebugCount -value "0" -context "sdk\\\\bsp/1499622225314"
# webtalk_transmit -clientid 3707044910 -regid "" -xml /home/daniele/Sistemi_Embedded/Esercitazione_7/Driver/Esercitazione_7/Driver_GPIO_Xilinx/Prima_tipologia/vivado_project/project_gpio/project_gpio.sdk/webtalk/usage_statistics_ext_sdk.xml -html /home/daniele/Sistemi_Embedded/Esercitazione_7/Driver/Esercitazione_7/Driver_GPIO_Xilinx/Prima_tipologia/vivado_project/project_gpio/project_gpio.sdk/webtalk/usage_statistics_ext_sdk.html -wdm /home/daniele/Sistemi_Embedded/Esercitazione_7/Driver/Esercitazione_7/Driver_GPIO_Xilinx/Prima_tipologia/vivado_project/project_gpio/project_gpio.sdk/webtalk/sdk_webtalk.wdm -intro "<H3>SDK Usage Report</H3><BR>"
INFO: [Common 17-186] '/home/daniele/Sistemi_Embedded/Esercitazione_7/Driver/Esercitazione_7/Driver_GPIO_Xilinx/Prima_tipologia/vivado_project/project_gpio/project_gpio.sdk/webtalk/usage_statistics_ext_sdk.xml' has been successfully sent to Xilinx on Sun Jul  9 17:43:48 2017. For additional details about this file, please refer to the WebTalk help file at /usr/Xilinx/SDK/2016.4/doc/webtalk_introduction.html.
# webtalk_terminate
INFO: [Common 17-206] Exiting Webtalk at Sun Jul  9 17:43:48 2017...
