#-----------------------------------------------------------
# Webtalk v2016.4 (64-bit)
# SW Build 1756540 on Mon Jan 23 19:11:19 MST 2017
# 
# Start of session at: Wed Jul 12 15:44:23 2017
# Process ID: 9112
# Current directory: /home/daniele/Sistemi_Embedded/Esercitazione_7/Driver/Esercitazione_7/Driver_GPIO_Custom/Terza_Tipologia/vivado_project/project_gpio_custom_int/gpio_project.sdk/webtalk
# Command line: wbtcv -mode batch -source sdk_webtalk.tcl
# Log file: /home/daniele/Sistemi_Embedded/Esercitazione_7/Driver/Esercitazione_7/Driver_GPIO_Custom/Terza_Tipologia/vivado_project/project_gpio_custom_int/gpio_project.sdk/webtalk/webtalk.log
# Journal file: /home/daniele/Sistemi_Embedded/Esercitazione_7/Driver/Esercitazione_7/Driver_GPIO_Custom/Terza_Tipologia/vivado_project/project_gpio_custom_int/gpio_project.sdk/webtalk/webtalk.jou
#-----------------------------------------------------------
source sdk_webtalk.tcl
# webtalk_init -webtalk_dir /home/daniele/Sistemi_Embedded/Esercitazione_7/Driver/Esercitazione_7/Driver_GPIO_Custom/Terza_Tipologia/vivado_project/project_gpio_custom_int/gpio_project.sdk/webtalk
# webtalk_register_client -client project
# webtalk_add_data -client project -key date_generated -value "2017-07-12 15:44:23" -context "software_version_and_target_device"
# webtalk_add_data -client project -key product_version -value "SDK v2016.4" -context "software_version_and_target_device"
# webtalk_add_data -client project -key build_version -value "2016.4" -context "software_version_and_target_device"
# webtalk_add_data -client project -key os_platform -value "amd64" -context "software_version_and_target_device"
# webtalk_add_data -client project -key registration_id -value "" -context "software_version_and_target_device"
# webtalk_add_data -client project -key tool_flow -value "SDK" -context "software_version_and_target_device"
# webtalk_add_data -client project -key beta -value "false" -context "software_version_and_target_device"
# webtalk_add_data -client project -key route_design -value "NA" -context "software_version_and_target_device"
# webtalk_add_data -client project -key target_family -value "NA" -context "software_version_and_target_device"
# webtalk_add_data -client project -key target_device -value "NA" -context "software_version_and_target_device"
# webtalk_add_data -client project -key target_package -value "NA" -context "software_version_and_target_device"
# webtalk_add_data -client project -key target_speed -value "NA" -context "software_version_and_target_device"
# webtalk_add_data -client project -key random_id -value "3734ftifc6nh6vmnif75032l2n" -context "software_version_and_target_device"
# webtalk_add_data -client project -key project_id -value "2016.4_21" -context "software_version_and_target_device"
# webtalk_add_data -client project -key project_iteration -value "21" -context "software_version_and_target_device"
# webtalk_add_data -client project -key os_name -value "Ubuntu" -context "user_environment"
# webtalk_add_data -client project -key os_release -value "Ubuntu 16.04.2 LTS" -context "user_environment"
# webtalk_add_data -client project -key cpu_name -value "Intel(R) Core(TM) i7-6700HQ CPU @ 2.60GHz" -context "user_environment"
# webtalk_add_data -client project -key cpu_speed -value "2600.000 MHz" -context "user_environment"
# webtalk_add_data -client project -key total_processors -value "1" -context "user_environment"
# webtalk_add_data -client project -key system_ram -value "16,000 GB" -context "user_environment"
# webtalk_register_client -client sdk
# webtalk_add_data -client sdk -key uid -value "1499873815000" -context "sdk\\\\bsp/1499873815000"
# webtalk_add_data -client sdk -key hwid -value "1499873324000" -context "sdk\\\\bsp/1499873815000"
# webtalk_add_data -client sdk -key os -value "standalone" -context "sdk\\\\bsp/1499873815000"
# webtalk_add_data -client sdk -key apptemplate -value "zynq_fsbl" -context "sdk\\\\bsp/1499873815000"
# webtalk_add_data -client sdk -key RecordType -value "BSPCreation" -context "sdk\\\\bsp/1499873815000"
# webtalk_add_data -client sdk -key uid -value "1499873823000" -context "sdk\\\\application/1499873823000"
# webtalk_add_data -client sdk -key hwid -value "1499873324000" -context "sdk\\\\application/1499873823000"
# webtalk_add_data -client sdk -key bspid -value "1499873815000" -context "sdk\\\\application/1499873823000"
# webtalk_add_data -client sdk -key newbsp -value "true" -context "sdk\\\\application/1499873823000"
# webtalk_add_data -client sdk -key os -value "standalone" -context "sdk\\\\application/1499873823000"
# webtalk_add_data -client sdk -key apptemplate -value "zynq_fsbl" -context "sdk\\\\application/1499873823000"
# webtalk_add_data -client sdk -key RecordType -value "APPCreation" -context "sdk\\\\application/1499873823000"
# webtalk_add_data -client sdk -key LangUsed -value "C" -context "sdk\\\\application/1499873823000"
# webtalk_add_data -client sdk -key Procused -value "ps7_cortexa9" -context "sdk\\\\application/1499873823000"
# webtalk_add_data -client sdk -key projSize -value "335.43359375" -context "sdk\\\\application/1499873823000"
# webtalk_add_data -client sdk -key uid -value "1499874177000" -context "sdk\\\\bsp/1499874177000"
# webtalk_add_data -client sdk -key hwid -value "1499873324000" -context "sdk\\\\bsp/1499874177000"
# webtalk_add_data -client sdk -key os -value "device_tree" -context "sdk\\\\bsp/1499874177000"
# webtalk_add_data -client sdk -key apptemplate -value "null" -context "sdk\\\\bsp/1499874177000"
# webtalk_add_data -client sdk -key RecordType -value "BSPCreation" -context "sdk\\\\bsp/1499874177000"
# webtalk_add_data -client sdk -key uid -value "NA" -context "sdk\\\\bsp/1499874263329"
# webtalk_add_data -client sdk -key RecordType -value "ToolUsage" -context "sdk\\\\bsp/1499874263329"
# webtalk_add_data -client sdk -key BootgenCount -value "1" -context "sdk\\\\bsp/1499874263329"
# webtalk_add_data -client sdk -key DebugCount -value "0" -context "sdk\\\\bsp/1499874263329"
# webtalk_add_data -client sdk -key PerfCount -value "0" -context "sdk\\\\bsp/1499874263329"
# webtalk_add_data -client sdk -key FlashCount -value "0" -context "sdk\\\\bsp/1499874263329"
# webtalk_add_data -client sdk -key CrossTriggCount -value "0" -context "sdk\\\\bsp/1499874263329"
# webtalk_add_data -client sdk -key QemuDebugCount -value "0" -context "sdk\\\\bsp/1499874263329"
# webtalk_transmit -clientid 2038026797 -regid "" -xml /home/daniele/Sistemi_Embedded/Esercitazione_7/Driver/Esercitazione_7/Driver_GPIO_Custom/Terza_Tipologia/vivado_project/project_gpio_custom_int/gpio_project.sdk/webtalk/usage_statistics_ext_sdk.xml -html /home/daniele/Sistemi_Embedded/Esercitazione_7/Driver/Esercitazione_7/Driver_GPIO_Custom/Terza_Tipologia/vivado_project/project_gpio_custom_int/gpio_project.sdk/webtalk/usage_statistics_ext_sdk.html -wdm /home/daniele/Sistemi_Embedded/Esercitazione_7/Driver/Esercitazione_7/Driver_GPIO_Custom/Terza_Tipologia/vivado_project/project_gpio_custom_int/gpio_project.sdk/webtalk/sdk_webtalk.wdm -intro "<H3>SDK Usage Report</H3><BR>"
INFO: [Common 17-186] '/home/daniele/Sistemi_Embedded/Esercitazione_7/Driver/Esercitazione_7/Driver_GPIO_Custom/Terza_Tipologia/vivado_project/project_gpio_custom_int/gpio_project.sdk/webtalk/usage_statistics_ext_sdk.xml' has been successfully sent to Xilinx on Wed Jul 12 15:44:26 2017. For additional details about this file, please refer to the WebTalk help file at /usr/Xilinx/SDK/2016.4/doc/webtalk_introduction.html.
# webtalk_terminate
INFO: [Common 17-206] Exiting Webtalk at Wed Jul 12 15:44:26 2017...
