
*** Running vivado
    with args -log design_gpio_interrupt_processing_system7_0_0.vds -m64 -product Vivado -mode batch -messageDb vivado.pb -notrace -source design_gpio_interrupt_processing_system7_0_0.tcl

awk: symbol lookup error: awk: undefined symbol: mpfr_z_sub

****** Vivado v2016.4 (64-bit)
  **** SW Build 1756540 on Mon Jan 23 19:11:19 MST 2017
  **** IP Build 1755317 on Mon Jan 23 20:30:07 MST 2017
    ** Copyright 1986-2016 Xilinx, Inc. All Rights Reserved.

source design_gpio_interrupt_processing_system7_0_0.tcl -notrace
awk: symbol lookup error: awk: undefined symbol: mpfr_z_sub
Starting RTL Elaboration : Time (s): cpu = 00:00:13 ; elapsed = 00:00:14 . Memory (MB): peak = 1083.250 ; gain = 152.773 ; free physical = 9304 ; free virtual = 11540
INFO: [Synth 8-638] synthesizing module 'design_gpio_interrupt_processing_system7_0_0' [/home/daniele/Scrivania/workspace_master/zybo_base_system/source/hw/project_gpio_interrupt/project_gpio_interrupt.srcs/sources_1/bd/design_gpio_interrupt/ip/design_gpio_interrupt_processing_system7_0_0/synth/design_gpio_interrupt_processing_system7_0_0.v:60]
INFO: [Synth 8-638] synthesizing module 'processing_system7_v5_5_processing_system7' [/home/daniele/Scrivania/workspace_master/zybo_base_system/source/hw/project_gpio_interrupt/project_gpio_interrupt.srcs/sources_1/bd/design_gpio_interrupt/ip/design_gpio_interrupt_processing_system7_0_0/hdl/verilog/processing_system7_v5_5_processing_system7.v:162]
INFO: [Synth 8-638] synthesizing module 'BUFG' [/usr/Xilinx/Vivado/2016.4/scripts/rt/data/unisim_comp.v:607]
INFO: [Synth 8-256] done synthesizing module 'BUFG' (1#1) [/usr/Xilinx/Vivado/2016.4/scripts/rt/data/unisim_comp.v:607]
INFO: [Synth 8-638] synthesizing module 'BIBUF' [/usr/Xilinx/Vivado/2016.4/scripts/rt/data/unisim_comp.v:268]
INFO: [Synth 8-256] done synthesizing module 'BIBUF' (2#1) [/usr/Xilinx/Vivado/2016.4/scripts/rt/data/unisim_comp.v:268]
INFO: [Synth 8-638] synthesizing module 'PS7' [/usr/Xilinx/Vivado/2016.4/scripts/rt/data/unisim_comp.v:33182]
INFO: [Synth 8-256] done synthesizing module 'PS7' (3#1) [/usr/Xilinx/Vivado/2016.4/scripts/rt/data/unisim_comp.v:33182]
INFO: [Synth 8-256] done synthesizing module 'processing_system7_v5_5_processing_system7' (4#1) [/home/daniele/Scrivania/workspace_master/zybo_base_system/source/hw/project_gpio_interrupt/project_gpio_interrupt.srcs/sources_1/bd/design_gpio_interrupt/ip/design_gpio_interrupt_processing_system7_0_0/hdl/verilog/processing_system7_v5_5_processing_system7.v:162]
INFO: [Synth 8-256] done synthesizing module 'design_gpio_interrupt_processing_system7_0_0' (5#1) [/home/daniele/Scrivania/workspace_master/zybo_base_system/source/hw/project_gpio_interrupt/project_gpio_interrupt.srcs/sources_1/bd/design_gpio_interrupt/ip/design_gpio_interrupt_processing_system7_0_0/synth/design_gpio_interrupt_processing_system7_0_0.v:60]
Finished RTL Elaboration : Time (s): cpu = 00:00:14 ; elapsed = 00:00:16 . Memory (MB): peak = 1123.719 ; gain = 193.242 ; free physical = 9035 ; free virtual = 11272
Finished RTL Optimization Phase 1 : Time (s): cpu = 00:00:14 ; elapsed = 00:00:16 . Memory (MB): peak = 1123.719 ; gain = 193.242 ; free physical = 9016 ; free virtual = 11254
INFO: [Device 21-403] Loading part xc7z010clg400-1
Constraint Validation Runtime : Time (s): cpu = 00:00:00.04 ; elapsed = 00:00:00.04 . Memory (MB): peak = 1410.414 ; gain = 0.000 ; free physical = 7783 ; free virtual = 10021
Finished Constraint Validation : Time (s): cpu = 00:00:29 ; elapsed = 00:00:32 . Memory (MB): peak = 1410.414 ; gain = 479.938 ; free physical = 7601 ; free virtual = 9840
Finished Loading Part and Timing Information : Time (s): cpu = 00:00:29 ; elapsed = 00:00:32 . Memory (MB): peak = 1410.414 ; gain = 479.938 ; free physical = 7601 ; free virtual = 9840
Finished applying 'set_property' XDC Constraints : Time (s): cpu = 00:00:30 ; elapsed = 00:00:32 . Memory (MB): peak = 1410.414 ; gain = 479.938 ; free physical = 7595 ; free virtual = 9834
Finished RTL Optimization Phase 2 : Time (s): cpu = 00:00:31 ; elapsed = 00:00:33 . Memory (MB): peak = 1410.414 ; gain = 479.938 ; free physical = 7542 ; free virtual = 9780
Finished Cross Boundary and Area Optimization : Time (s): cpu = 00:00:31 ; elapsed = 00:00:34 . Memory (MB): peak = 1410.414 ; gain = 479.938 ; free physical = 7526 ; free virtual = 9765
Finished Applying XDC Timing Constraints : Time (s): cpu = 00:00:45 ; elapsed = 00:00:48 . Memory (MB): peak = 1577.406 ; gain = 646.930 ; free physical = 7622 ; free virtual = 9863
Finished Timing Optimization : Time (s): cpu = 00:00:45 ; elapsed = 00:00:48 . Memory (MB): peak = 1597.414 ; gain = 666.938 ; free physical = 7602 ; free virtual = 9842
Finished Technology Mapping : Time (s): cpu = 00:00:46 ; elapsed = 00:00:49 . Memory (MB): peak = 1605.422 ; gain = 674.945 ; free physical = 8100 ; free virtual = 10341
Finished IO Insertion : Time (s): cpu = 00:00:48 ; elapsed = 00:00:51 . Memory (MB): peak = 1605.422 ; gain = 674.945 ; free physical = 9729 ; free virtual = 11970
Finished Renaming Generated Instances : Time (s): cpu = 00:00:48 ; elapsed = 00:00:51 . Memory (MB): peak = 1605.422 ; gain = 674.945 ; free physical = 9729 ; free virtual = 11970
Finished Rebuilding User Hierarchy : Time (s): cpu = 00:00:48 ; elapsed = 00:00:51 . Memory (MB): peak = 1605.422 ; gain = 674.945 ; free physical = 9729 ; free virtual = 11970
Finished Renaming Generated Ports : Time (s): cpu = 00:00:48 ; elapsed = 00:00:51 . Memory (MB): peak = 1605.422 ; gain = 674.945 ; free physical = 9729 ; free virtual = 11970
Finished Handling Custom Attributes : Time (s): cpu = 00:00:48 ; elapsed = 00:00:51 . Memory (MB): peak = 1605.422 ; gain = 674.945 ; free physical = 9729 ; free virtual = 11970
Finished Renaming Generated Nets : Time (s): cpu = 00:00:48 ; elapsed = 00:00:51 . Memory (MB): peak = 1605.422 ; gain = 674.945 ; free physical = 9729 ; free virtual = 11970

Report Cell Usage: 
+------+------+------+
|      |Cell  |Count |
+------+------+------+
|1     |BIBUF |   130|
|2     |BUFG  |     1|
|3     |LUT1  |   112|
|4     |PS7   |     1|
+------+------+------+
Finished Writing Synthesis Report : Time (s): cpu = 00:00:48 ; elapsed = 00:00:51 . Memory (MB): peak = 1605.422 ; gain = 674.945 ; free physical = 9729 ; free virtual = 11970
synth_design: Time (s): cpu = 00:00:45 ; elapsed = 00:00:48 . Memory (MB): peak = 1617.422 ; gain = 617.754 ; free physical = 9708 ; free virtual = 11951
