
*** Running vivado
    with args -log design_gpio_interrupt_wrapper.vdi -applog -m64 -product Vivado -messageDb vivado.pb -mode batch -source design_gpio_interrupt_wrapper.tcl -notrace

awk: symbol lookup error: awk: undefined symbol: mpfr_z_sub

****** Vivado v2016.4 (64-bit)
  **** SW Build 1756540 on Mon Jan 23 19:11:19 MST 2017
  **** IP Build 1755317 on Mon Jan 23 20:30:07 MST 2017
    ** Copyright 1986-2016 Xilinx, Inc. All Rights Reserved.

source design_gpio_interrupt_wrapper.tcl -notrace
Design is defaulting to srcset: sources_1
Design is defaulting to constrset: constrs_1
INFO: [Project 1-454] Reading design checkpoint '/home/daniele/Scrivania/workspace_master/zybo_base_system/source/hw/project_gpio_interrupt/project_gpio_interrupt.srcs/sources_1/bd/design_gpio_interrupt/ip/design_gpio_interrupt_axi_gpio_0_0/design_gpio_interrupt_axi_gpio_0_0.dcp' for cell 'design_gpio_interrupt_i/axi_gpio_0'
INFO: [Project 1-454] Reading design checkpoint '/home/daniele/Scrivania/workspace_master/zybo_base_system/source/hw/project_gpio_interrupt/project_gpio_interrupt.srcs/sources_1/bd/design_gpio_interrupt/ip/design_gpio_interrupt_axi_gpio_0_1/design_gpio_interrupt_axi_gpio_0_1.dcp' for cell 'design_gpio_interrupt_i/axi_gpio_1'
INFO: [Project 1-454] Reading design checkpoint '/home/daniele/Scrivania/workspace_master/zybo_base_system/source/hw/project_gpio_interrupt/project_gpio_interrupt.srcs/sources_1/bd/design_gpio_interrupt/ip/design_gpio_interrupt_axi_gpio_0_2/design_gpio_interrupt_axi_gpio_0_2.dcp' for cell 'design_gpio_interrupt_i/axi_gpio_2'
INFO: [Project 1-454] Reading design checkpoint '/home/daniele/Scrivania/workspace_master/zybo_base_system/source/hw/project_gpio_interrupt/project_gpio_interrupt.srcs/sources_1/bd/design_gpio_interrupt/ip/design_gpio_interrupt_processing_system7_0_0/design_gpio_interrupt_processing_system7_0_0.dcp' for cell 'design_gpio_interrupt_i/processing_system7_0'
INFO: [Project 1-454] Reading design checkpoint '/home/daniele/Scrivania/workspace_master/zybo_base_system/source/hw/project_gpio_interrupt/project_gpio_interrupt.srcs/sources_1/bd/design_gpio_interrupt/ip/design_gpio_interrupt_rst_ps7_0_100M_0/design_gpio_interrupt_rst_ps7_0_100M_0.dcp' for cell 'design_gpio_interrupt_i/rst_ps7_0_100M'
INFO: [Project 1-454] Reading design checkpoint '/home/daniele/Scrivania/workspace_master/zybo_base_system/source/hw/project_gpio_interrupt/project_gpio_interrupt.srcs/sources_1/bd/design_gpio_interrupt/ip/design_gpio_interrupt_xlconcat_0_0/design_gpio_interrupt_xlconcat_0_0.dcp' for cell 'design_gpio_interrupt_i/xlconcat_0'
INFO: [Project 1-454] Reading design checkpoint '/home/daniele/Scrivania/workspace_master/zybo_base_system/source/hw/project_gpio_interrupt/project_gpio_interrupt.srcs/sources_1/bd/design_gpio_interrupt/ip/design_gpio_interrupt_xbar_0/design_gpio_interrupt_xbar_0.dcp' for cell 'design_gpio_interrupt_i/ps7_0_axi_periph/xbar'
INFO: [Project 1-454] Reading design checkpoint '/home/daniele/Scrivania/workspace_master/zybo_base_system/source/hw/project_gpio_interrupt/project_gpio_interrupt.srcs/sources_1/bd/design_gpio_interrupt/ip/design_gpio_interrupt_auto_pc_0/design_gpio_interrupt_auto_pc_0.dcp' for cell 'design_gpio_interrupt_i/ps7_0_axi_periph/s00_couplers/auto_pc'
INFO: [Netlist 29-17] Analyzing 26 Unisim elements for replacement
INFO: [Netlist 29-28] Unisim Transformation completed in 0 CPU seconds
INFO: [Project 1-479] Netlist was created with Vivado 2016.4
INFO: [Device 21-403] Loading part xc7z010clg400-1
INFO: [Project 1-570] Preparing netlist for logic optimization
Parsing XDC File [/home/daniele/Scrivania/workspace_master/zybo_base_system/source/hw/project_gpio_interrupt/project_gpio_interrupt.srcs/sources_1/bd/design_gpio_interrupt/ip/design_gpio_interrupt_processing_system7_0_0/design_gpio_interrupt_processing_system7_0_0.xdc] for cell 'design_gpio_interrupt_i/processing_system7_0/inst'
Finished Parsing XDC File [/home/daniele/Scrivania/workspace_master/zybo_base_system/source/hw/project_gpio_interrupt/project_gpio_interrupt.srcs/sources_1/bd/design_gpio_interrupt/ip/design_gpio_interrupt_processing_system7_0_0/design_gpio_interrupt_processing_system7_0_0.xdc] for cell 'design_gpio_interrupt_i/processing_system7_0/inst'
Parsing XDC File [/home/daniele/Scrivania/workspace_master/zybo_base_system/source/hw/project_gpio_interrupt/project_gpio_interrupt.srcs/sources_1/bd/design_gpio_interrupt/ip/design_gpio_interrupt_axi_gpio_0_0/design_gpio_interrupt_axi_gpio_0_0_board.xdc] for cell 'design_gpio_interrupt_i/axi_gpio_0/U0'
Finished Parsing XDC File [/home/daniele/Scrivania/workspace_master/zybo_base_system/source/hw/project_gpio_interrupt/project_gpio_interrupt.srcs/sources_1/bd/design_gpio_interrupt/ip/design_gpio_interrupt_axi_gpio_0_0/design_gpio_interrupt_axi_gpio_0_0_board.xdc] for cell 'design_gpio_interrupt_i/axi_gpio_0/U0'
Parsing XDC File [/home/daniele/Scrivania/workspace_master/zybo_base_system/source/hw/project_gpio_interrupt/project_gpio_interrupt.srcs/sources_1/bd/design_gpio_interrupt/ip/design_gpio_interrupt_axi_gpio_0_0/design_gpio_interrupt_axi_gpio_0_0.xdc] for cell 'design_gpio_interrupt_i/axi_gpio_0/U0'
Finished Parsing XDC File [/home/daniele/Scrivania/workspace_master/zybo_base_system/source/hw/project_gpio_interrupt/project_gpio_interrupt.srcs/sources_1/bd/design_gpio_interrupt/ip/design_gpio_interrupt_axi_gpio_0_0/design_gpio_interrupt_axi_gpio_0_0.xdc] for cell 'design_gpio_interrupt_i/axi_gpio_0/U0'
Parsing XDC File [/home/daniele/Scrivania/workspace_master/zybo_base_system/source/hw/project_gpio_interrupt/project_gpio_interrupt.srcs/sources_1/bd/design_gpio_interrupt/ip/design_gpio_interrupt_axi_gpio_0_1/design_gpio_interrupt_axi_gpio_0_1_board.xdc] for cell 'design_gpio_interrupt_i/axi_gpio_1/U0'
Finished Parsing XDC File [/home/daniele/Scrivania/workspace_master/zybo_base_system/source/hw/project_gpio_interrupt/project_gpio_interrupt.srcs/sources_1/bd/design_gpio_interrupt/ip/design_gpio_interrupt_axi_gpio_0_1/design_gpio_interrupt_axi_gpio_0_1_board.xdc] for cell 'design_gpio_interrupt_i/axi_gpio_1/U0'
Parsing XDC File [/home/daniele/Scrivania/workspace_master/zybo_base_system/source/hw/project_gpio_interrupt/project_gpio_interrupt.srcs/sources_1/bd/design_gpio_interrupt/ip/design_gpio_interrupt_axi_gpio_0_1/design_gpio_interrupt_axi_gpio_0_1.xdc] for cell 'design_gpio_interrupt_i/axi_gpio_1/U0'
Finished Parsing XDC File [/home/daniele/Scrivania/workspace_master/zybo_base_system/source/hw/project_gpio_interrupt/project_gpio_interrupt.srcs/sources_1/bd/design_gpio_interrupt/ip/design_gpio_interrupt_axi_gpio_0_1/design_gpio_interrupt_axi_gpio_0_1.xdc] for cell 'design_gpio_interrupt_i/axi_gpio_1/U0'
Parsing XDC File [/home/daniele/Scrivania/workspace_master/zybo_base_system/source/hw/project_gpio_interrupt/project_gpio_interrupt.srcs/sources_1/bd/design_gpio_interrupt/ip/design_gpio_interrupt_axi_gpio_0_2/design_gpio_interrupt_axi_gpio_0_2_board.xdc] for cell 'design_gpio_interrupt_i/axi_gpio_2/U0'
Finished Parsing XDC File [/home/daniele/Scrivania/workspace_master/zybo_base_system/source/hw/project_gpio_interrupt/project_gpio_interrupt.srcs/sources_1/bd/design_gpio_interrupt/ip/design_gpio_interrupt_axi_gpio_0_2/design_gpio_interrupt_axi_gpio_0_2_board.xdc] for cell 'design_gpio_interrupt_i/axi_gpio_2/U0'
Parsing XDC File [/home/daniele/Scrivania/workspace_master/zybo_base_system/source/hw/project_gpio_interrupt/project_gpio_interrupt.srcs/sources_1/bd/design_gpio_interrupt/ip/design_gpio_interrupt_axi_gpio_0_2/design_gpio_interrupt_axi_gpio_0_2.xdc] for cell 'design_gpio_interrupt_i/axi_gpio_2/U0'
Finished Parsing XDC File [/home/daniele/Scrivania/workspace_master/zybo_base_system/source/hw/project_gpio_interrupt/project_gpio_interrupt.srcs/sources_1/bd/design_gpio_interrupt/ip/design_gpio_interrupt_axi_gpio_0_2/design_gpio_interrupt_axi_gpio_0_2.xdc] for cell 'design_gpio_interrupt_i/axi_gpio_2/U0'
Parsing XDC File [/home/daniele/Scrivania/workspace_master/zybo_base_system/source/hw/project_gpio_interrupt/project_gpio_interrupt.srcs/sources_1/bd/design_gpio_interrupt/ip/design_gpio_interrupt_rst_ps7_0_100M_0/design_gpio_interrupt_rst_ps7_0_100M_0_board.xdc] for cell 'design_gpio_interrupt_i/rst_ps7_0_100M/U0'
Finished Parsing XDC File [/home/daniele/Scrivania/workspace_master/zybo_base_system/source/hw/project_gpio_interrupt/project_gpio_interrupt.srcs/sources_1/bd/design_gpio_interrupt/ip/design_gpio_interrupt_rst_ps7_0_100M_0/design_gpio_interrupt_rst_ps7_0_100M_0_board.xdc] for cell 'design_gpio_interrupt_i/rst_ps7_0_100M/U0'
Parsing XDC File [/home/daniele/Scrivania/workspace_master/zybo_base_system/source/hw/project_gpio_interrupt/project_gpio_interrupt.srcs/sources_1/bd/design_gpio_interrupt/ip/design_gpio_interrupt_rst_ps7_0_100M_0/design_gpio_interrupt_rst_ps7_0_100M_0.xdc] for cell 'design_gpio_interrupt_i/rst_ps7_0_100M/U0'
Finished Parsing XDC File [/home/daniele/Scrivania/workspace_master/zybo_base_system/source/hw/project_gpio_interrupt/project_gpio_interrupt.srcs/sources_1/bd/design_gpio_interrupt/ip/design_gpio_interrupt_rst_ps7_0_100M_0/design_gpio_interrupt_rst_ps7_0_100M_0.xdc] for cell 'design_gpio_interrupt_i/rst_ps7_0_100M/U0'
Parsing XDC File [/home/daniele/Scrivania/workspace_master/zybo_base_system/source/hw/project_gpio_interrupt/project_gpio_interrupt.srcs/constrs_1/imports/new/pad_location.xdc]
Finished Parsing XDC File [/home/daniele/Scrivania/workspace_master/zybo_base_system/source/hw/project_gpio_interrupt/project_gpio_interrupt.srcs/constrs_1/imports/new/pad_location.xdc]
INFO: [Project 1-538] Using original IP XDC constraints instead of the XDC constraints in dcp '/home/daniele/Scrivania/workspace_master/zybo_base_system/source/hw/project_gpio_interrupt/project_gpio_interrupt.srcs/sources_1/bd/design_gpio_interrupt/ip/design_gpio_interrupt_processing_system7_0_0/design_gpio_interrupt_processing_system7_0_0.dcp'
INFO: [Project 1-538] Using original IP XDC constraints instead of the XDC constraints in dcp '/home/daniele/Scrivania/workspace_master/zybo_base_system/source/hw/project_gpio_interrupt/project_gpio_interrupt.srcs/sources_1/bd/design_gpio_interrupt/ip/design_gpio_interrupt_axi_gpio_0_0/design_gpio_interrupt_axi_gpio_0_0.dcp'
INFO: [Project 1-538] Using original IP XDC constraints instead of the XDC constraints in dcp '/home/daniele/Scrivania/workspace_master/zybo_base_system/source/hw/project_gpio_interrupt/project_gpio_interrupt.srcs/sources_1/bd/design_gpio_interrupt/ip/design_gpio_interrupt_axi_gpio_0_1/design_gpio_interrupt_axi_gpio_0_1.dcp'
INFO: [Project 1-538] Using original IP XDC constraints instead of the XDC constraints in dcp '/home/daniele/Scrivania/workspace_master/zybo_base_system/source/hw/project_gpio_interrupt/project_gpio_interrupt.srcs/sources_1/bd/design_gpio_interrupt/ip/design_gpio_interrupt_axi_gpio_0_2/design_gpio_interrupt_axi_gpio_0_2.dcp'
INFO: [Project 1-538] Using original IP XDC constraints instead of the XDC constraints in dcp '/home/daniele/Scrivania/workspace_master/zybo_base_system/source/hw/project_gpio_interrupt/project_gpio_interrupt.srcs/sources_1/bd/design_gpio_interrupt/ip/design_gpio_interrupt_rst_ps7_0_100M_0/design_gpio_interrupt_rst_ps7_0_100M_0.dcp'
INFO: [Project 1-538] Using original IP XDC constraints instead of the XDC constraints in dcp '/home/daniele/Scrivania/workspace_master/zybo_base_system/source/hw/project_gpio_interrupt/project_gpio_interrupt.srcs/sources_1/bd/design_gpio_interrupt/ip/design_gpio_interrupt_xbar_0/design_gpio_interrupt_xbar_0.dcp'
INFO: [Project 1-538] Using original IP XDC constraints instead of the XDC constraints in dcp '/home/daniele/Scrivania/workspace_master/zybo_base_system/source/hw/project_gpio_interrupt/project_gpio_interrupt.srcs/sources_1/bd/design_gpio_interrupt/ip/design_gpio_interrupt_auto_pc_0/design_gpio_interrupt_auto_pc_0.dcp'
INFO: [Opt 31-138] Pushed 0 inverter(s) to 0 load pin(s).
INFO: [Project 1-111] Unisim Transformation Summary:
No Unisim elements were transformed.

link_design: Time (s): cpu = 00:00:07 ; elapsed = 00:00:07 . Memory (MB): peak = 1325.250 ; gain = 327.273 ; free physical = 10161 ; free virtual = 12429
Command: opt_design
Attempting to get a license for feature 'Implementation' and/or device 'xc7z010'
INFO: [Common 17-349] Got license for feature 'Implementation' and/or device 'xc7z010'
Running DRC as a precondition to command opt_design

Starting DRC Task
INFO: [DRC 23-27] Running DRC with 8 threads
INFO: [Project 1-461] DRC finished with 0 Errors
INFO: [Project 1-462] Please refer to the DRC report (report_drc) for more information.

Time (s): cpu = 00:00:01 ; elapsed = 00:00:00.21 . Memory (MB): peak = 1437.281 ; gain = 112.031 ; free physical = 10117 ; free virtual = 12386
INFO: [Timing 38-35] Done setting XDC timing constraints.

Starting Logic Optimization Task
Implement Debug Cores | Checksum: 1f1c2105c

Phase 1 Retarget
INFO: [Opt 31-138] Pushed 0 inverter(s) to 0 load pin(s).
INFO: [Opt 31-49] Retargeted 0 cell(s).
Phase 1 Retarget | Checksum: d1d29c43

Time (s): cpu = 00:00:00.32 ; elapsed = 00:00:00.17 . Memory (MB): peak = 1829.773 ; gain = 0.000 ; free physical = 9784 ; free virtual = 12052

Phase 2 Constant propagation
INFO: [Opt 31-138] Pushed 0 inverter(s) to 0 load pin(s).
INFO: [Opt 31-10] Eliminated 173 cells.
Phase 2 Constant propagation | Checksum: 14dd019db

Time (s): cpu = 00:00:00.71 ; elapsed = 00:00:00.44 . Memory (MB): peak = 1829.773 ; gain = 0.000 ; free physical = 9783 ; free virtual = 12052

Phase 3 Sweep
INFO: [Opt 31-12] Eliminated 205 unconnected nets.
INFO: [Opt 31-11] Eliminated 201 unconnected cells.
Phase 3 Sweep | Checksum: 167f85a7c

Time (s): cpu = 00:00:01 ; elapsed = 00:00:00.87 . Memory (MB): peak = 1829.773 ; gain = 0.000 ; free physical = 9782 ; free virtual = 12051

Phase 4 BUFG optimization
INFO: [Opt 31-12] Eliminated 0 unconnected nets.
INFO: [Opt 31-11] Eliminated 0 unconnected cells.
Phase 4 BUFG optimization | Checksum: 6de1b9ff

Time (s): cpu = 00:00:02 ; elapsed = 00:00:01 . Memory (MB): peak = 1829.773 ; gain = 0.000 ; free physical = 9782 ; free virtual = 12051

Starting Connectivity Check Task

Time (s): cpu = 00:00:00 ; elapsed = 00:00:00.01 . Memory (MB): peak = 1829.773 ; gain = 0.000 ; free physical = 9782 ; free virtual = 12051
Ending Logic Optimization Task | Checksum: 6de1b9ff

Time (s): cpu = 00:00:02 ; elapsed = 00:00:01 . Memory (MB): peak = 1829.773 ; gain = 0.000 ; free physical = 9782 ; free virtual = 12051

Starting Power Optimization Task
INFO: [Pwropt 34-132] Skipping clock gating for clocks with a period < 2.00 ns.
Ending Power Optimization Task | Checksum: 6de1b9ff

Time (s): cpu = 00:00:00.01 ; elapsed = 00:00:00.01 . Memory (MB): peak = 1829.773 ; gain = 0.000 ; free physical = 9782 ; free virtual = 12051
INFO: [Common 17-83] Releasing license: Implementation
37 Infos, 0 Warnings, 0 Critical Warnings and 0 Errors encountered.
opt_design completed successfully
opt_design: Time (s): cpu = 00:00:11 ; elapsed = 00:00:10 . Memory (MB): peak = 1829.773 ; gain = 504.523 ; free physical = 9782 ; free virtual = 12051
Writing placer database...
Writing XDEF routing.
Writing XDEF routing logical nets.
Writing XDEF routing special nets.
Write XDEF Complete: Time (s): cpu = 00:00:00.09 ; elapsed = 00:00:00.03 . Memory (MB): peak = 1853.785 ; gain = 0.000 ; free physical = 9780 ; free virtual = 12051
INFO: [Common 17-1381] The checkpoint '/home/daniele/Scrivania/workspace_master/zybo_base_system/source/hw/project_gpio_interrupt/project_gpio_interrupt.runs/impl_1/design_gpio_interrupt_wrapper_opt.dcp' has been generated.
INFO: [DRC 23-27] Running DRC with 8 threads
INFO: [Coretcl 2-168] The results of DRC are in file /home/daniele/Scrivania/workspace_master/zybo_base_system/source/hw/project_gpio_interrupt/project_gpio_interrupt.runs/impl_1/design_gpio_interrupt_wrapper_drc_opted.rpt.
INFO: [Chipscope 16-241] No debug cores found in the current design.
Before running the implement_debug_core command, either use the Set Up Debug wizard (GUI mode)
or use the create_debug_core and connect_debug_core Tcl commands to insert debug cores into the design.
Command: place_design
Attempting to get a license for feature 'Implementation' and/or device 'xc7z010'
INFO: [Common 17-349] Got license for feature 'Implementation' and/or device 'xc7z010'
INFO: [DRC 23-27] Running DRC with 8 threads
INFO: [Vivado_Tcl 4-198] DRC finished with 0 Errors
INFO: [Vivado_Tcl 4-199] Please refer to the DRC report (report_drc) for more information.
Running DRC as a precondition to command place_design
INFO: [DRC 23-27] Running DRC with 8 threads
INFO: [Vivado_Tcl 4-198] DRC finished with 0 Errors
INFO: [Vivado_Tcl 4-199] Please refer to the DRC report (report_drc) for more information.

Starting Placer Task
INFO: [Place 30-611] Multithreading enabled for place_design using a maximum of 8 CPUs

Phase 1 Placer Initialization
Netlist sorting complete. Time (s): cpu = 00:00:00 ; elapsed = 00:00:00.01 . Memory (MB): peak = 1893.805 ; gain = 0.000 ; free physical = 9777 ; free virtual = 12047
Netlist sorting complete. Time (s): cpu = 00:00:00.01 ; elapsed = 00:00:00 . Memory (MB): peak = 1893.805 ; gain = 0.000 ; free physical = 9777 ; free virtual = 12047

Phase 1.1 IO Placement/ Clock Placement/ Build Placer Device
INFO: [Timing 38-35] Done setting XDC timing constraints.
Phase 1.1 IO Placement/ Clock Placement/ Build Placer Device | Checksum: 15aa2cdc7

Time (s): cpu = 00:00:02 ; elapsed = 00:00:02 . Memory (MB): peak = 1893.805 ; gain = 0.000 ; free physical = 9776 ; free virtual = 12046

Phase 1.2 Build Placer Netlist Model
Phase 1.2 Build Placer Netlist Model | Checksum: 19ad9ab81

Time (s): cpu = 00:00:03 ; elapsed = 00:00:02 . Memory (MB): peak = 1921.832 ; gain = 28.027 ; free physical = 9768 ; free virtual = 12038

Phase 1.3 Constrain Clocks/Macros
Phase 1.3 Constrain Clocks/Macros | Checksum: 19ad9ab81

Time (s): cpu = 00:00:03 ; elapsed = 00:00:02 . Memory (MB): peak = 1921.832 ; gain = 28.027 ; free physical = 9768 ; free virtual = 12038
Phase 1 Placer Initialization | Checksum: 19ad9ab81

Time (s): cpu = 00:00:03 ; elapsed = 00:00:02 . Memory (MB): peak = 1921.832 ; gain = 28.027 ; free physical = 9768 ; free virtual = 12038

Phase 2 Global Placement
Phase 2 Global Placement | Checksum: 1a86c8ec1

Time (s): cpu = 00:00:11 ; elapsed = 00:00:03 . Memory (MB): peak = 1977.859 ; gain = 84.055 ; free physical = 9766 ; free virtual = 12036

Phase 3 Detail Placement

Phase 3.1 Commit Multi Column Macros
Phase 3.1 Commit Multi Column Macros | Checksum: 1a86c8ec1

Time (s): cpu = 00:00:11 ; elapsed = 00:00:03 . Memory (MB): peak = 1977.859 ; gain = 84.055 ; free physical = 9766 ; free virtual = 12036

Phase 3.2 Commit Most Macros & LUTRAMs
Phase 3.2 Commit Most Macros & LUTRAMs | Checksum: 13e12df1e

Time (s): cpu = 00:00:12 ; elapsed = 00:00:03 . Memory (MB): peak = 1977.859 ; gain = 84.055 ; free physical = 9766 ; free virtual = 12036

Phase 3.3 Area Swap Optimization
Phase 3.3 Area Swap Optimization | Checksum: 1472c0fb4

Time (s): cpu = 00:00:12 ; elapsed = 00:00:03 . Memory (MB): peak = 1977.859 ; gain = 84.055 ; free physical = 9766 ; free virtual = 12036

Phase 3.4 Pipeline Register Optimization
Phase 3.4 Pipeline Register Optimization | Checksum: 1472c0fb4

Time (s): cpu = 00:00:12 ; elapsed = 00:00:03 . Memory (MB): peak = 1977.859 ; gain = 84.055 ; free physical = 9766 ; free virtual = 12036

Phase 3.5 Timing Path Optimizer
Phase 3.5 Timing Path Optimizer | Checksum: 1a020aa3d

Time (s): cpu = 00:00:12 ; elapsed = 00:00:03 . Memory (MB): peak = 1977.859 ; gain = 84.055 ; free physical = 9766 ; free virtual = 12036

Phase 3.6 Small Shape Detail Placement
Phase 3.6 Small Shape Detail Placement | Checksum: 1fdb086ce

Time (s): cpu = 00:00:13 ; elapsed = 00:00:04 . Memory (MB): peak = 1977.859 ; gain = 84.055 ; free physical = 9766 ; free virtual = 12036

Phase 3.7 Re-assign LUT pins
Phase 3.7 Re-assign LUT pins | Checksum: 24d03fad1

Time (s): cpu = 00:00:13 ; elapsed = 00:00:04 . Memory (MB): peak = 1977.859 ; gain = 84.055 ; free physical = 9766 ; free virtual = 12036

Phase 3.8 Pipeline Register Optimization
Phase 3.8 Pipeline Register Optimization | Checksum: 24d03fad1

Time (s): cpu = 00:00:13 ; elapsed = 00:00:04 . Memory (MB): peak = 1977.859 ; gain = 84.055 ; free physical = 9766 ; free virtual = 12036
Phase 3 Detail Placement | Checksum: 24d03fad1

Time (s): cpu = 00:00:13 ; elapsed = 00:00:04 . Memory (MB): peak = 1977.859 ; gain = 84.055 ; free physical = 9766 ; free virtual = 12036

Phase 4 Post Placement Optimization and Clean-Up

Phase 4.1 Post Commit Optimization
INFO: [Timing 38-35] Done setting XDC timing constraints.

Phase 4.1.1 Post Placement Optimization
INFO: [Place 30-746] Post Placement Timing Summary WNS=3.386. For the most accurate timing information please run report_timing.
Phase 4.1.1 Post Placement Optimization | Checksum: e03f9ec0

Time (s): cpu = 00:00:14 ; elapsed = 00:00:04 . Memory (MB): peak = 1977.859 ; gain = 84.055 ; free physical = 9766 ; free virtual = 12036
Phase 4.1 Post Commit Optimization | Checksum: e03f9ec0

Time (s): cpu = 00:00:14 ; elapsed = 00:00:04 . Memory (MB): peak = 1977.859 ; gain = 84.055 ; free physical = 9766 ; free virtual = 12036

Phase 4.2 Post Placement Cleanup
Phase 4.2 Post Placement Cleanup | Checksum: e03f9ec0

Time (s): cpu = 00:00:15 ; elapsed = 00:00:04 . Memory (MB): peak = 1977.859 ; gain = 84.055 ; free physical = 9766 ; free virtual = 12036

Phase 4.3 Placer Reporting
Phase 4.3 Placer Reporting | Checksum: e03f9ec0

Time (s): cpu = 00:00:15 ; elapsed = 00:00:04 . Memory (MB): peak = 1977.859 ; gain = 84.055 ; free physical = 9766 ; free virtual = 12036

Phase 4.4 Final Placement Cleanup
Phase 4.4 Final Placement Cleanup | Checksum: 1a81304e1

Time (s): cpu = 00:00:15 ; elapsed = 00:00:04 . Memory (MB): peak = 1977.859 ; gain = 84.055 ; free physical = 9766 ; free virtual = 12036
Phase 4 Post Placement Optimization and Clean-Up | Checksum: 1a81304e1

Time (s): cpu = 00:00:15 ; elapsed = 00:00:04 . Memory (MB): peak = 1977.859 ; gain = 84.055 ; free physical = 9766 ; free virtual = 12036
Ending Placer Task | Checksum: 16dee1ba3

Time (s): cpu = 00:00:15 ; elapsed = 00:00:04 . Memory (MB): peak = 1977.859 ; gain = 84.055 ; free physical = 9766 ; free virtual = 12036
INFO: [Common 17-83] Releasing license: Implementation
53 Infos, 0 Warnings, 0 Critical Warnings and 0 Errors encountered.
place_design completed successfully
place_design: Time (s): cpu = 00:00:17 ; elapsed = 00:00:06 . Memory (MB): peak = 1977.859 ; gain = 84.055 ; free physical = 9766 ; free virtual = 12036
Writing placer database...
Writing XDEF routing.
Writing XDEF routing logical nets.
Writing XDEF routing special nets.
Write XDEF Complete: Time (s): cpu = 00:00:00.30 ; elapsed = 00:00:00.10 . Memory (MB): peak = 1977.859 ; gain = 0.000 ; free physical = 9762 ; free virtual = 12036
INFO: [Common 17-1381] The checkpoint '/home/daniele/Scrivania/workspace_master/zybo_base_system/source/hw/project_gpio_interrupt/project_gpio_interrupt.runs/impl_1/design_gpio_interrupt_wrapper_placed.dcp' has been generated.
report_io: Time (s): cpu = 00:00:00.13 ; elapsed = 00:00:00.15 . Memory (MB): peak = 1977.859 ; gain = 0.000 ; free physical = 9763 ; free virtual = 12034
report_utilization: Time (s): cpu = 00:00:00.08 ; elapsed = 00:00:00.10 . Memory (MB): peak = 1977.859 ; gain = 0.000 ; free physical = 9763 ; free virtual = 12034
report_control_sets: Time (s): cpu = 00:00:00.06 ; elapsed = 00:00:00.09 . Memory (MB): peak = 1977.859 ; gain = 0.000 ; free physical = 9763 ; free virtual = 12034
Command: route_design
Attempting to get a license for feature 'Implementation' and/or device 'xc7z010'
INFO: [Common 17-349] Got license for feature 'Implementation' and/or device 'xc7z010'
Running DRC as a precondition to command route_design
INFO: [DRC 23-27] Running DRC with 8 threads
INFO: [Vivado_Tcl 4-198] DRC finished with 0 Errors
INFO: [Vivado_Tcl 4-199] Please refer to the DRC report (report_drc) for more information.


Starting Routing Task
INFO: [Route 35-254] Multithreading enabled for route_design using a maximum of 8 CPUs
Checksum: PlaceDB: a6083fa5 ConstDB: 0 ShapeSum: c7e5dbfe RouteDB: 0

Phase 1 Build RT Design
Phase 1 Build RT Design | Checksum: 1a6f6ed59

Time (s): cpu = 00:00:10 ; elapsed = 00:00:08 . Memory (MB): peak = 1977.859 ; gain = 0.000 ; free physical = 9708 ; free virtual = 11979

Phase 2 Router Initialization

Phase 2.1 Create Timer
Phase 2.1 Create Timer | Checksum: 1a6f6ed59

Time (s): cpu = 00:00:10 ; elapsed = 00:00:08 . Memory (MB): peak = 1977.859 ; gain = 0.000 ; free physical = 9708 ; free virtual = 11979

Phase 2.2 Fix Topology Constraints
Phase 2.2 Fix Topology Constraints | Checksum: 1a6f6ed59

Time (s): cpu = 00:00:10 ; elapsed = 00:00:08 . Memory (MB): peak = 1977.859 ; gain = 0.000 ; free physical = 9682 ; free virtual = 11953

Phase 2.3 Pre Route Cleanup
Phase 2.3 Pre Route Cleanup | Checksum: 1a6f6ed59

Time (s): cpu = 00:00:10 ; elapsed = 00:00:08 . Memory (MB): peak = 1977.859 ; gain = 0.000 ; free physical = 9682 ; free virtual = 11953
 Number of Nodes with overlaps = 0

Phase 2.4 Update Timing
Phase 2.4 Update Timing | Checksum: 1ba3456b9

Time (s): cpu = 00:00:11 ; elapsed = 00:00:08 . Memory (MB): peak = 1977.859 ; gain = 0.000 ; free physical = 9672 ; free virtual = 11943
INFO: [Route 35-416] Intermediate Timing Summary | WNS=3.315  | TNS=0.000  | WHS=-0.135 | THS=-21.713|

Phase 2 Router Initialization | Checksum: 1c92498ec

Time (s): cpu = 00:00:11 ; elapsed = 00:00:08 . Memory (MB): peak = 1977.859 ; gain = 0.000 ; free physical = 9671 ; free virtual = 11943

Phase 3 Initial Routing
Phase 3 Initial Routing | Checksum: 1fed28060

Time (s): cpu = 00:00:12 ; elapsed = 00:00:09 . Memory (MB): peak = 1977.859 ; gain = 0.000 ; free physical = 9671 ; free virtual = 11942

Phase 4 Rip-up And Reroute

Phase 4.1 Global Iteration 0
 Number of Nodes with overlaps = 155
 Number of Nodes with overlaps = 0

Phase 4.1.1 Update Timing
Phase 4.1.1 Update Timing | Checksum: 17fdaa6d4

Time (s): cpu = 00:00:15 ; elapsed = 00:00:09 . Memory (MB): peak = 1977.859 ; gain = 0.000 ; free physical = 9671 ; free virtual = 11942
INFO: [Route 35-416] Intermediate Timing Summary | WNS=3.980  | TNS=0.000  | WHS=N/A    | THS=N/A    |

Phase 4.1 Global Iteration 0 | Checksum: 1f6c7daed

Time (s): cpu = 00:00:15 ; elapsed = 00:00:09 . Memory (MB): peak = 1977.859 ; gain = 0.000 ; free physical = 9671 ; free virtual = 11942

Phase 4.2 Global Iteration 1
 Number of Nodes with overlaps = 10
 Number of Nodes with overlaps = 0

Phase 4.2.1 Update Timing
Phase 4.2.1 Update Timing | Checksum: 2bb271cf8

Time (s): cpu = 00:00:15 ; elapsed = 00:00:09 . Memory (MB): peak = 1977.859 ; gain = 0.000 ; free physical = 9671 ; free virtual = 11942
INFO: [Route 35-416] Intermediate Timing Summary | WNS=3.980  | TNS=0.000  | WHS=N/A    | THS=N/A    |

Phase 4.2 Global Iteration 1 | Checksum: 224bc3ba6

Time (s): cpu = 00:00:15 ; elapsed = 00:00:09 . Memory (MB): peak = 1977.859 ; gain = 0.000 ; free physical = 9671 ; free virtual = 11942
Phase 4 Rip-up And Reroute | Checksum: 224bc3ba6

Time (s): cpu = 00:00:15 ; elapsed = 00:00:09 . Memory (MB): peak = 1977.859 ; gain = 0.000 ; free physical = 9671 ; free virtual = 11942

Phase 5 Delay and Skew Optimization

Phase 5.1 Delay CleanUp
Phase 5.1 Delay CleanUp | Checksum: 224bc3ba6

Time (s): cpu = 00:00:15 ; elapsed = 00:00:09 . Memory (MB): peak = 1977.859 ; gain = 0.000 ; free physical = 9671 ; free virtual = 11942

Phase 5.2 Clock Skew Optimization
Phase 5.2 Clock Skew Optimization | Checksum: 224bc3ba6

Time (s): cpu = 00:00:15 ; elapsed = 00:00:09 . Memory (MB): peak = 1977.859 ; gain = 0.000 ; free physical = 9671 ; free virtual = 11942
Phase 5 Delay and Skew Optimization | Checksum: 224bc3ba6

Time (s): cpu = 00:00:15 ; elapsed = 00:00:09 . Memory (MB): peak = 1977.859 ; gain = 0.000 ; free physical = 9671 ; free virtual = 11942

Phase 6 Post Hold Fix

Phase 6.1 Hold Fix Iter

Phase 6.1.1 Update Timing
Phase 6.1.1 Update Timing | Checksum: 21406756a

Time (s): cpu = 00:00:16 ; elapsed = 00:00:09 . Memory (MB): peak = 1977.859 ; gain = 0.000 ; free physical = 9671 ; free virtual = 11942
INFO: [Route 35-416] Intermediate Timing Summary | WNS=4.113  | TNS=0.000  | WHS=0.052  | THS=0.000  |

Phase 6.1 Hold Fix Iter | Checksum: 292df9889

Time (s): cpu = 00:00:16 ; elapsed = 00:00:09 . Memory (MB): peak = 1977.859 ; gain = 0.000 ; free physical = 9671 ; free virtual = 11942
Phase 6 Post Hold Fix | Checksum: 292df9889

Time (s): cpu = 00:00:16 ; elapsed = 00:00:09 . Memory (MB): peak = 1977.859 ; gain = 0.000 ; free physical = 9671 ; free virtual = 11942

Phase 7 Route finalize

Router Utilization Summary
  Global Vertical Routing Utilization    = 0.462275 %
  Global Horizontal Routing Utilization  = 0.693704 %
  Routable Net Status*
  *Does not include unroutable nets such as driverless and loadless.
  Run report_route_status for detailed report.
  Number of Failed Nets               = 0
  Number of Unrouted Nets             = 0
  Number of Partially Routed Nets     = 0
  Number of Node Overlaps             = 0

Phase 7 Route finalize | Checksum: 260eede05

Time (s): cpu = 00:00:16 ; elapsed = 00:00:09 . Memory (MB): peak = 1977.859 ; gain = 0.000 ; free physical = 9671 ; free virtual = 11942

Phase 8 Verifying routed nets

 Verification completed successfully
Phase 8 Verifying routed nets | Checksum: 260eede05

Time (s): cpu = 00:00:16 ; elapsed = 00:00:09 . Memory (MB): peak = 1977.859 ; gain = 0.000 ; free physical = 9671 ; free virtual = 11942

Phase 9 Depositing Routes
Phase 9 Depositing Routes | Checksum: 26590087d

Time (s): cpu = 00:00:16 ; elapsed = 00:00:09 . Memory (MB): peak = 1977.859 ; gain = 0.000 ; free physical = 9671 ; free virtual = 11942

Phase 10 Post Router Timing
INFO: [Route 35-57] Estimated Timing Summary | WNS=4.113  | TNS=0.000  | WHS=0.052  | THS=0.000  |

INFO: [Route 35-327] The final timing numbers are based on the router estimated timing analysis. For a complete and accurate timing signoff, please run report_timing_summary.
Phase 10 Post Router Timing | Checksum: 26590087d

Time (s): cpu = 00:00:16 ; elapsed = 00:00:09 . Memory (MB): peak = 1977.859 ; gain = 0.000 ; free physical = 9671 ; free virtual = 11942
INFO: [Route 35-16] Router Completed Successfully

Time (s): cpu = 00:00:17 ; elapsed = 00:00:09 . Memory (MB): peak = 1977.859 ; gain = 0.000 ; free physical = 9671 ; free virtual = 11942

Routing Is Done.
INFO: [Common 17-83] Releasing license: Implementation
67 Infos, 0 Warnings, 0 Critical Warnings and 0 Errors encountered.
route_design completed successfully
route_design: Time (s): cpu = 00:00:19 ; elapsed = 00:00:11 . Memory (MB): peak = 1977.859 ; gain = 0.000 ; free physical = 9671 ; free virtual = 11942
Writing placer database...
Writing XDEF routing.
Writing XDEF routing logical nets.
Writing XDEF routing special nets.
Write XDEF Complete: Time (s): cpu = 00:00:00.34 ; elapsed = 00:00:00.12 . Memory (MB): peak = 1977.859 ; gain = 0.000 ; free physical = 9666 ; free virtual = 11942
INFO: [Common 17-1381] The checkpoint '/home/daniele/Scrivania/workspace_master/zybo_base_system/source/hw/project_gpio_interrupt/project_gpio_interrupt.runs/impl_1/design_gpio_interrupt_wrapper_routed.dcp' has been generated.
INFO: [DRC 23-27] Running DRC with 8 threads
INFO: [Coretcl 2-168] The results of DRC are in file /home/daniele/Scrivania/workspace_master/zybo_base_system/source/hw/project_gpio_interrupt/project_gpio_interrupt.runs/impl_1/design_gpio_interrupt_wrapper_drc_routed.rpt.
INFO: [Timing 38-35] Done setting XDC timing constraints.
INFO: [DRC 23-133] Running Methodology with 8 threads
INFO: [Coretcl 2-1520] The results of Report Methodology are in file /home/daniele/Scrivania/workspace_master/zybo_base_system/source/hw/project_gpio_interrupt/project_gpio_interrupt.runs/impl_1/design_gpio_interrupt_wrapper_methodology_drc_routed.rpt.
INFO: [Timing 38-35] Done setting XDC timing constraints.
INFO: [Timing 38-91] UpdateTimingParams: Speed grade: -1, Delay Type: min_max.
INFO: [Timing 38-191] Multithreading enabled for timing update using a maximum of 8 CPUs
INFO: [Timing 38-35] Done setting XDC timing constraints.
Command: report_power -file design_gpio_interrupt_wrapper_power_routed.rpt -pb design_gpio_interrupt_wrapper_power_summary_routed.pb -rpx design_gpio_interrupt_wrapper_power_routed.rpx
Running Vector-less Activity Propagation...

Finished Running Vector-less Activity Propagation
77 Infos, 0 Warnings, 0 Critical Warnings and 0 Errors encountered.
report_power completed successfully
Command: write_bitstream -force -no_partial_bitfile design_gpio_interrupt_wrapper.bit
Attempting to get a license for feature 'Implementation' and/or device 'xc7z010'
INFO: [Common 17-349] Got license for feature 'Implementation' and/or device 'xc7z010'
Running DRC as a precondition to command write_bitstream
INFO: [DRC 23-27] Running DRC with 8 threads
INFO: [Vivado 12-3199] DRC finished with 0 Errors
INFO: [Vivado 12-3200] Please refer to the DRC report (report_drc) for more information.
Loading data files...
Loading site data...
Loading route data...
Processing options...
Creating bitmap...
Creating bitstream...
Writing bitstream ./design_gpio_interrupt_wrapper.bit...
INFO: [Vivado 12-1842] Bitgen Completed Successfully.
INFO: [Project 1-120] WebTalk data collection is mandatory when using a WebPACK part without a full Vivado license. To see the specific WebTalk data collected for your design, open the usage_statistics_webtalk.html or usage_statistics_webtalk.xml file in the implementation directory.
INFO: [Common 17-186] '/home/daniele/Scrivania/workspace_master/zybo_base_system/source/hw/project_gpio_interrupt/project_gpio_interrupt.runs/impl_1/usage_statistics_webtalk.xml' has been successfully sent to Xilinx on Wed Jun 21 11:08:27 2017. For additional details about this file, please refer to the WebTalk help file at /usr/Xilinx/Vivado/2016.4/doc/webtalk_introduction.html.
INFO: [Common 17-83] Releasing license: Implementation
85 Infos, 0 Warnings, 0 Critical Warnings and 0 Errors encountered.
write_bitstream completed successfully
write_bitstream: Time (s): cpu = 00:00:12 ; elapsed = 00:00:14 . Memory (MB): peak = 2273.836 ; gain = 191.887 ; free physical = 9336 ; free virtual = 11618
INFO: [Common 17-206] Exiting Vivado at Wed Jun 21 11:08:27 2017...

*** Running vivado
    with args -log design_gpio_interrupt_wrapper.vdi -applog -m64 -product Vivado -messageDb vivado.pb -mode batch -source design_gpio_interrupt_wrapper.tcl -notrace

awk: symbol lookup error: awk: undefined symbol: mpfr_z_sub

****** Vivado v2016.4 (64-bit)
  **** SW Build 1756540 on Mon Jan 23 19:11:19 MST 2017
  **** IP Build 1755317 on Mon Jan 23 20:30:07 MST 2017
    ** Copyright 1986-2016 Xilinx, Inc. All Rights Reserved.

source design_gpio_interrupt_wrapper.tcl -notrace
Command: open_checkpoint design_gpio_interrupt_wrapper_routed.dcp

Starting open_checkpoint Task

Time (s): cpu = 00:00:00.03 ; elapsed = 00:00:00.03 . Memory (MB): peak = 995.965 ; gain = 0.000 ; free physical = 9500 ; free virtual = 11888
INFO: [Netlist 29-17] Analyzing 26 Unisim elements for replacement
INFO: [Netlist 29-28] Unisim Transformation completed in 0 CPU seconds
INFO: [Project 1-479] Netlist was created with Vivado 2016.4
INFO: [Device 21-403] Loading part xc7z010clg400-1
INFO: [Project 1-570] Preparing netlist for logic optimization
Parsing XDC File [/home/daniele/Scrivania/workspace_master/zybo_base_system/source/hw/project_gpio_interrupt/project_gpio_interrupt.runs/impl_1/.Xil/Vivado-26985-daniele-Inspiron-7559/dcp/design_gpio_interrupt_wrapper_early.xdc]
Finished Parsing XDC File [/home/daniele/Scrivania/workspace_master/zybo_base_system/source/hw/project_gpio_interrupt/project_gpio_interrupt.runs/impl_1/.Xil/Vivado-26985-daniele-Inspiron-7559/dcp/design_gpio_interrupt_wrapper_early.xdc]
Parsing XDC File [/home/daniele/Scrivania/workspace_master/zybo_base_system/source/hw/project_gpio_interrupt/project_gpio_interrupt.runs/impl_1/.Xil/Vivado-26985-daniele-Inspiron-7559/dcp/design_gpio_interrupt_wrapper.xdc]
Finished Parsing XDC File [/home/daniele/Scrivania/workspace_master/zybo_base_system/source/hw/project_gpio_interrupt/project_gpio_interrupt.runs/impl_1/.Xil/Vivado-26985-daniele-Inspiron-7559/dcp/design_gpio_interrupt_wrapper.xdc]
Reading XDEF placement.
Reading placer database...
Reading XDEF routing.
Read XDEF File: Time (s): cpu = 00:00:00.24 ; elapsed = 00:00:00.26 . Memory (MB): peak = 1260.688 ; gain = 2.000 ; free physical = 9268 ; free virtual = 11663
Restored from archive | CPU: 0.250000 secs | Memory: 1.708916 MB |
Finished XDEF File Restore: Time (s): cpu = 00:00:00.24 ; elapsed = 00:00:00.26 . Memory (MB): peak = 1260.688 ; gain = 2.000 ; free physical = 9268 ; free virtual = 11663
INFO: [Project 1-111] Unisim Transformation Summary:
No Unisim elements were transformed.

INFO: [Project 1-604] Checkpoint was created with Vivado v2016.4 (64-bit) build 1756540
open_checkpoint: Time (s): cpu = 00:00:07 ; elapsed = 00:00:07 . Memory (MB): peak = 1260.688 ; gain = 264.723 ; free physical = 9273 ; free virtual = 11662
Command: write_bitstream -force -no_partial_bitfile design_gpio_interrupt_wrapper.bit
Attempting to get a license for feature 'Implementation' and/or device 'xc7z010'
INFO: [Common 17-349] Got license for feature 'Implementation' and/or device 'xc7z010'
Running DRC as a precondition to command write_bitstream
INFO: [DRC 23-27] Running DRC with 8 threads
INFO: [Vivado 12-3199] DRC finished with 0 Errors
INFO: [Vivado 12-3200] Please refer to the DRC report (report_drc) for more information.
Loading data files...
Loading site data...
Loading route data...
Processing options...
Creating bitmap...
Creating bitstream...
Writing bitstream ./design_gpio_interrupt_wrapper.bit...
INFO: [Vivado 12-1842] Bitgen Completed Successfully.
INFO: [Project 1-120] WebTalk data collection is mandatory when using a WebPACK part without a full Vivado license. To see the specific WebTalk data collected for your design, open the usage_statistics_webtalk.html or usage_statistics_webtalk.xml file in the implementation directory.
INFO: [Common 17-186] '/home/daniele/Scrivania/workspace_master/zybo_base_system/source/hw/project_gpio_interrupt/project_gpio_interrupt.runs/impl_1/usage_statistics_webtalk.xml' has been successfully sent to Xilinx on Wed Jun 21 11:13:44 2017. For additional details about this file, please refer to the WebTalk help file at /usr/Xilinx/Vivado/2016.4/doc/webtalk_introduction.html.
INFO: [Common 17-83] Releasing license: Implementation
15 Infos, 0 Warnings, 0 Critical Warnings and 0 Errors encountered.
write_bitstream completed successfully
write_bitstream: Time (s): cpu = 00:00:12 ; elapsed = 00:00:13 . Memory (MB): peak = 1649.734 ; gain = 389.047 ; free physical = 8902 ; free virtual = 11295
INFO: [Common 17-206] Exiting Vivado at Wed Jun 21 11:13:44 2017...
