
*** Running vivado
    with args -log design_gpio_interrupt_axi_gpio_0_0.vds -m64 -product Vivado -mode batch -messageDb vivado.pb -notrace -source design_gpio_interrupt_axi_gpio_0_0.tcl

awk: symbol lookup error: awk: undefined symbol: mpfr_z_sub

****** Vivado v2016.4 (64-bit)
  **** SW Build 1756540 on Mon Jan 23 19:11:19 MST 2017
  **** IP Build 1755317 on Mon Jan 23 20:30:07 MST 2017
    ** Copyright 1986-2016 Xilinx, Inc. All Rights Reserved.

source design_gpio_interrupt_axi_gpio_0_0.tcl -notrace
awk: symbol lookup error: awk: undefined symbol: mpfr_z_sub
Starting RTL Elaboration : Time (s): cpu = 00:00:12 ; elapsed = 00:00:14 . Memory (MB): peak = 1080.559 ; gain = 150.086 ; free physical = 9324 ; free virtual = 11559
INFO: [Synth 8-638] synthesizing module 'design_gpio_interrupt_axi_gpio_0_0' [/home/daniele/Scrivania/workspace_master/zybo_base_system/source/hw/project_gpio_interrupt/project_gpio_interrupt.srcs/sources_1/bd/design_gpio_interrupt/ip/design_gpio_interrupt_axi_gpio_0_0/synth/design_gpio_interrupt_axi_gpio_0_0.vhd:85]
INFO: [Synth 8-638] synthesizing module 'axi_gpio' [/home/daniele/Scrivania/workspace_master/zybo_base_system/source/hw/project_gpio_interrupt/project_gpio_interrupt.srcs/sources_1/bd/design_gpio_interrupt/ipshared/4f16/hdl/axi_gpio_v2_0_vh_rfs.vhd:1091]
INFO: [Synth 8-638] synthesizing module 'axi_lite_ipif' [/home/daniele/Scrivania/workspace_master/zybo_base_system/source/hw/project_gpio_interrupt/project_gpio_interrupt.srcs/sources_1/bd/design_gpio_interrupt/ipshared/0ba0/hdl/axi_lite_ipif_v3_0_vh_rfs.vhd:2948]
INFO: [Synth 8-638] synthesizing module 'slave_attachment' [/home/daniele/Scrivania/workspace_master/zybo_base_system/source/hw/project_gpio_interrupt/project_gpio_interrupt.srcs/sources_1/bd/design_gpio_interrupt/ipshared/0ba0/hdl/axi_lite_ipif_v3_0_vh_rfs.vhd:2341]
INFO: [Synth 8-638] synthesizing module 'address_decoder' [/home/daniele/Scrivania/workspace_master/zybo_base_system/source/hw/project_gpio_interrupt/project_gpio_interrupt.srcs/sources_1/bd/design_gpio_interrupt/ipshared/0ba0/hdl/axi_lite_ipif_v3_0_vh_rfs.vhd:1775]
INFO: [Synth 8-638] synthesizing module 'pselect_f' [/home/daniele/Scrivania/workspace_master/zybo_base_system/source/hw/project_gpio_interrupt/project_gpio_interrupt.srcs/sources_1/bd/design_gpio_interrupt/ipshared/0ba0/hdl/axi_lite_ipif_v3_0_vh_rfs.vhd:1534]
INFO: [Synth 8-256] done synthesizing module 'pselect_f' (1#1) [/home/daniele/Scrivania/workspace_master/zybo_base_system/source/hw/project_gpio_interrupt/project_gpio_interrupt.srcs/sources_1/bd/design_gpio_interrupt/ipshared/0ba0/hdl/axi_lite_ipif_v3_0_vh_rfs.vhd:1534]
INFO: [Synth 8-638] synthesizing module 'pselect_f__parameterized0' [/home/daniele/Scrivania/workspace_master/zybo_base_system/source/hw/project_gpio_interrupt/project_gpio_interrupt.srcs/sources_1/bd/design_gpio_interrupt/ipshared/0ba0/hdl/axi_lite_ipif_v3_0_vh_rfs.vhd:1534]
INFO: [Synth 8-256] done synthesizing module 'pselect_f__parameterized0' (1#1) [/home/daniele/Scrivania/workspace_master/zybo_base_system/source/hw/project_gpio_interrupt/project_gpio_interrupt.srcs/sources_1/bd/design_gpio_interrupt/ipshared/0ba0/hdl/axi_lite_ipif_v3_0_vh_rfs.vhd:1534]
INFO: [Synth 8-638] synthesizing module 'pselect_f__parameterized1' [/home/daniele/Scrivania/workspace_master/zybo_base_system/source/hw/project_gpio_interrupt/project_gpio_interrupt.srcs/sources_1/bd/design_gpio_interrupt/ipshared/0ba0/hdl/axi_lite_ipif_v3_0_vh_rfs.vhd:1534]
INFO: [Synth 8-256] done synthesizing module 'pselect_f__parameterized1' (1#1) [/home/daniele/Scrivania/workspace_master/zybo_base_system/source/hw/project_gpio_interrupt/project_gpio_interrupt.srcs/sources_1/bd/design_gpio_interrupt/ipshared/0ba0/hdl/axi_lite_ipif_v3_0_vh_rfs.vhd:1534]
INFO: [Synth 8-638] synthesizing module 'pselect_f__parameterized2' [/home/daniele/Scrivania/workspace_master/zybo_base_system/source/hw/project_gpio_interrupt/project_gpio_interrupt.srcs/sources_1/bd/design_gpio_interrupt/ipshared/0ba0/hdl/axi_lite_ipif_v3_0_vh_rfs.vhd:1534]
INFO: [Synth 8-256] done synthesizing module 'pselect_f__parameterized2' (1#1) [/home/daniele/Scrivania/workspace_master/zybo_base_system/source/hw/project_gpio_interrupt/project_gpio_interrupt.srcs/sources_1/bd/design_gpio_interrupt/ipshared/0ba0/hdl/axi_lite_ipif_v3_0_vh_rfs.vhd:1534]
INFO: [Synth 8-638] synthesizing module 'pselect_f__parameterized3' [/home/daniele/Scrivania/workspace_master/zybo_base_system/source/hw/project_gpio_interrupt/project_gpio_interrupt.srcs/sources_1/bd/design_gpio_interrupt/ipshared/0ba0/hdl/axi_lite_ipif_v3_0_vh_rfs.vhd:1534]
INFO: [Synth 8-256] done synthesizing module 'pselect_f__parameterized3' (1#1) [/home/daniele/Scrivania/workspace_master/zybo_base_system/source/hw/project_gpio_interrupt/project_gpio_interrupt.srcs/sources_1/bd/design_gpio_interrupt/ipshared/0ba0/hdl/axi_lite_ipif_v3_0_vh_rfs.vhd:1534]
INFO: [Synth 8-638] synthesizing module 'pselect_f__parameterized4' [/home/daniele/Scrivania/workspace_master/zybo_base_system/source/hw/project_gpio_interrupt/project_gpio_interrupt.srcs/sources_1/bd/design_gpio_interrupt/ipshared/0ba0/hdl/axi_lite_ipif_v3_0_vh_rfs.vhd:1534]
INFO: [Synth 8-256] done synthesizing module 'pselect_f__parameterized4' (1#1) [/home/daniele/Scrivania/workspace_master/zybo_base_system/source/hw/project_gpio_interrupt/project_gpio_interrupt.srcs/sources_1/bd/design_gpio_interrupt/ipshared/0ba0/hdl/axi_lite_ipif_v3_0_vh_rfs.vhd:1534]
INFO: [Synth 8-638] synthesizing module 'pselect_f__parameterized5' [/home/daniele/Scrivania/workspace_master/zybo_base_system/source/hw/project_gpio_interrupt/project_gpio_interrupt.srcs/sources_1/bd/design_gpio_interrupt/ipshared/0ba0/hdl/axi_lite_ipif_v3_0_vh_rfs.vhd:1534]
INFO: [Synth 8-256] done synthesizing module 'pselect_f__parameterized5' (1#1) [/home/daniele/Scrivania/workspace_master/zybo_base_system/source/hw/project_gpio_interrupt/project_gpio_interrupt.srcs/sources_1/bd/design_gpio_interrupt/ipshared/0ba0/hdl/axi_lite_ipif_v3_0_vh_rfs.vhd:1534]
INFO: [Synth 8-638] synthesizing module 'pselect_f__parameterized6' [/home/daniele/Scrivania/workspace_master/zybo_base_system/source/hw/project_gpio_interrupt/project_gpio_interrupt.srcs/sources_1/bd/design_gpio_interrupt/ipshared/0ba0/hdl/axi_lite_ipif_v3_0_vh_rfs.vhd:1534]
INFO: [Synth 8-256] done synthesizing module 'pselect_f__parameterized6' (1#1) [/home/daniele/Scrivania/workspace_master/zybo_base_system/source/hw/project_gpio_interrupt/project_gpio_interrupt.srcs/sources_1/bd/design_gpio_interrupt/ipshared/0ba0/hdl/axi_lite_ipif_v3_0_vh_rfs.vhd:1534]
INFO: [Synth 8-638] synthesizing module 'pselect_f__parameterized7' [/home/daniele/Scrivania/workspace_master/zybo_base_system/source/hw/project_gpio_interrupt/project_gpio_interrupt.srcs/sources_1/bd/design_gpio_interrupt/ipshared/0ba0/hdl/axi_lite_ipif_v3_0_vh_rfs.vhd:1534]
INFO: [Synth 8-256] done synthesizing module 'pselect_f__parameterized7' (1#1) [/home/daniele/Scrivania/workspace_master/zybo_base_system/source/hw/project_gpio_interrupt/project_gpio_interrupt.srcs/sources_1/bd/design_gpio_interrupt/ipshared/0ba0/hdl/axi_lite_ipif_v3_0_vh_rfs.vhd:1534]
INFO: [Synth 8-638] synthesizing module 'pselect_f__parameterized8' [/home/daniele/Scrivania/workspace_master/zybo_base_system/source/hw/project_gpio_interrupt/project_gpio_interrupt.srcs/sources_1/bd/design_gpio_interrupt/ipshared/0ba0/hdl/axi_lite_ipif_v3_0_vh_rfs.vhd:1534]
INFO: [Synth 8-256] done synthesizing module 'pselect_f__parameterized8' (1#1) [/home/daniele/Scrivania/workspace_master/zybo_base_system/source/hw/project_gpio_interrupt/project_gpio_interrupt.srcs/sources_1/bd/design_gpio_interrupt/ipshared/0ba0/hdl/axi_lite_ipif_v3_0_vh_rfs.vhd:1534]
INFO: [Synth 8-638] synthesizing module 'pselect_f__parameterized9' [/home/daniele/Scrivania/workspace_master/zybo_base_system/source/hw/project_gpio_interrupt/project_gpio_interrupt.srcs/sources_1/bd/design_gpio_interrupt/ipshared/0ba0/hdl/axi_lite_ipif_v3_0_vh_rfs.vhd:1534]
INFO: [Synth 8-256] done synthesizing module 'pselect_f__parameterized9' (1#1) [/home/daniele/Scrivania/workspace_master/zybo_base_system/source/hw/project_gpio_interrupt/project_gpio_interrupt.srcs/sources_1/bd/design_gpio_interrupt/ipshared/0ba0/hdl/axi_lite_ipif_v3_0_vh_rfs.vhd:1534]
INFO: [Synth 8-638] synthesizing module 'pselect_f__parameterized10' [/home/daniele/Scrivania/workspace_master/zybo_base_system/source/hw/project_gpio_interrupt/project_gpio_interrupt.srcs/sources_1/bd/design_gpio_interrupt/ipshared/0ba0/hdl/axi_lite_ipif_v3_0_vh_rfs.vhd:1534]
INFO: [Synth 8-256] done synthesizing module 'pselect_f__parameterized10' (1#1) [/home/daniele/Scrivania/workspace_master/zybo_base_system/source/hw/project_gpio_interrupt/project_gpio_interrupt.srcs/sources_1/bd/design_gpio_interrupt/ipshared/0ba0/hdl/axi_lite_ipif_v3_0_vh_rfs.vhd:1534]
INFO: [Synth 8-638] synthesizing module 'pselect_f__parameterized11' [/home/daniele/Scrivania/workspace_master/zybo_base_system/source/hw/project_gpio_interrupt/project_gpio_interrupt.srcs/sources_1/bd/design_gpio_interrupt/ipshared/0ba0/hdl/axi_lite_ipif_v3_0_vh_rfs.vhd:1534]
INFO: [Synth 8-256] done synthesizing module 'pselect_f__parameterized11' (1#1) [/home/daniele/Scrivania/workspace_master/zybo_base_system/source/hw/project_gpio_interrupt/project_gpio_interrupt.srcs/sources_1/bd/design_gpio_interrupt/ipshared/0ba0/hdl/axi_lite_ipif_v3_0_vh_rfs.vhd:1534]
INFO: [Synth 8-638] synthesizing module 'pselect_f__parameterized12' [/home/daniele/Scrivania/workspace_master/zybo_base_system/source/hw/project_gpio_interrupt/project_gpio_interrupt.srcs/sources_1/bd/design_gpio_interrupt/ipshared/0ba0/hdl/axi_lite_ipif_v3_0_vh_rfs.vhd:1534]
INFO: [Synth 8-256] done synthesizing module 'pselect_f__parameterized12' (1#1) [/home/daniele/Scrivania/workspace_master/zybo_base_system/source/hw/project_gpio_interrupt/project_gpio_interrupt.srcs/sources_1/bd/design_gpio_interrupt/ipshared/0ba0/hdl/axi_lite_ipif_v3_0_vh_rfs.vhd:1534]
INFO: [Synth 8-638] synthesizing module 'pselect_f__parameterized13' [/home/daniele/Scrivania/workspace_master/zybo_base_system/source/hw/project_gpio_interrupt/project_gpio_interrupt.srcs/sources_1/bd/design_gpio_interrupt/ipshared/0ba0/hdl/axi_lite_ipif_v3_0_vh_rfs.vhd:1534]
INFO: [Synth 8-256] done synthesizing module 'pselect_f__parameterized13' (1#1) [/home/daniele/Scrivania/workspace_master/zybo_base_system/source/hw/project_gpio_interrupt/project_gpio_interrupt.srcs/sources_1/bd/design_gpio_interrupt/ipshared/0ba0/hdl/axi_lite_ipif_v3_0_vh_rfs.vhd:1534]
INFO: [Synth 8-638] synthesizing module 'pselect_f__parameterized14' [/home/daniele/Scrivania/workspace_master/zybo_base_system/source/hw/project_gpio_interrupt/project_gpio_interrupt.srcs/sources_1/bd/design_gpio_interrupt/ipshared/0ba0/hdl/axi_lite_ipif_v3_0_vh_rfs.vhd:1534]
INFO: [Synth 8-256] done synthesizing module 'pselect_f__parameterized14' (1#1) [/home/daniele/Scrivania/workspace_master/zybo_base_system/source/hw/project_gpio_interrupt/project_gpio_interrupt.srcs/sources_1/bd/design_gpio_interrupt/ipshared/0ba0/hdl/axi_lite_ipif_v3_0_vh_rfs.vhd:1534]
INFO: [Synth 8-638] synthesizing module 'pselect_f__parameterized15' [/home/daniele/Scrivania/workspace_master/zybo_base_system/source/hw/project_gpio_interrupt/project_gpio_interrupt.srcs/sources_1/bd/design_gpio_interrupt/ipshared/0ba0/hdl/axi_lite_ipif_v3_0_vh_rfs.vhd:1534]
INFO: [Synth 8-256] done synthesizing module 'pselect_f__parameterized15' (1#1) [/home/daniele/Scrivania/workspace_master/zybo_base_system/source/hw/project_gpio_interrupt/project_gpio_interrupt.srcs/sources_1/bd/design_gpio_interrupt/ipshared/0ba0/hdl/axi_lite_ipif_v3_0_vh_rfs.vhd:1534]
INFO: [Synth 8-638] synthesizing module 'pselect_f__parameterized16' [/home/daniele/Scrivania/workspace_master/zybo_base_system/source/hw/project_gpio_interrupt/project_gpio_interrupt.srcs/sources_1/bd/design_gpio_interrupt/ipshared/0ba0/hdl/axi_lite_ipif_v3_0_vh_rfs.vhd:1534]
INFO: [Synth 8-256] done synthesizing module 'pselect_f__parameterized16' (1#1) [/home/daniele/Scrivania/workspace_master/zybo_base_system/source/hw/project_gpio_interrupt/project_gpio_interrupt.srcs/sources_1/bd/design_gpio_interrupt/ipshared/0ba0/hdl/axi_lite_ipif_v3_0_vh_rfs.vhd:1534]
INFO: [Synth 8-638] synthesizing module 'pselect_f__parameterized17' [/home/daniele/Scrivania/workspace_master/zybo_base_system/source/hw/project_gpio_interrupt/project_gpio_interrupt.srcs/sources_1/bd/design_gpio_interrupt/ipshared/0ba0/hdl/axi_lite_ipif_v3_0_vh_rfs.vhd:1534]
INFO: [Synth 8-256] done synthesizing module 'pselect_f__parameterized17' (1#1) [/home/daniele/Scrivania/workspace_master/zybo_base_system/source/hw/project_gpio_interrupt/project_gpio_interrupt.srcs/sources_1/bd/design_gpio_interrupt/ipshared/0ba0/hdl/axi_lite_ipif_v3_0_vh_rfs.vhd:1534]
INFO: [Synth 8-638] synthesizing module 'pselect_f__parameterized18' [/home/daniele/Scrivania/workspace_master/zybo_base_system/source/hw/project_gpio_interrupt/project_gpio_interrupt.srcs/sources_1/bd/design_gpio_interrupt/ipshared/0ba0/hdl/axi_lite_ipif_v3_0_vh_rfs.vhd:1534]
INFO: [Synth 8-256] done synthesizing module 'pselect_f__parameterized18' (1#1) [/home/daniele/Scrivania/workspace_master/zybo_base_system/source/hw/project_gpio_interrupt/project_gpio_interrupt.srcs/sources_1/bd/design_gpio_interrupt/ipshared/0ba0/hdl/axi_lite_ipif_v3_0_vh_rfs.vhd:1534]
INFO: [Synth 8-638] synthesizing module 'pselect_f__parameterized19' [/home/daniele/Scrivania/workspace_master/zybo_base_system/source/hw/project_gpio_interrupt/project_gpio_interrupt.srcs/sources_1/bd/design_gpio_interrupt/ipshared/0ba0/hdl/axi_lite_ipif_v3_0_vh_rfs.vhd:1534]
INFO: [Synth 8-256] done synthesizing module 'pselect_f__parameterized19' (1#1) [/home/daniele/Scrivania/workspace_master/zybo_base_system/source/hw/project_gpio_interrupt/project_gpio_interrupt.srcs/sources_1/bd/design_gpio_interrupt/ipshared/0ba0/hdl/axi_lite_ipif_v3_0_vh_rfs.vhd:1534]
INFO: [Synth 8-638] synthesizing module 'pselect_f__parameterized20' [/home/daniele/Scrivania/workspace_master/zybo_base_system/source/hw/project_gpio_interrupt/project_gpio_interrupt.srcs/sources_1/bd/design_gpio_interrupt/ipshared/0ba0/hdl/axi_lite_ipif_v3_0_vh_rfs.vhd:1534]
INFO: [Synth 8-256] done synthesizing module 'pselect_f__parameterized20' (1#1) [/home/daniele/Scrivania/workspace_master/zybo_base_system/source/hw/project_gpio_interrupt/project_gpio_interrupt.srcs/sources_1/bd/design_gpio_interrupt/ipshared/0ba0/hdl/axi_lite_ipif_v3_0_vh_rfs.vhd:1534]
INFO: [Synth 8-256] done synthesizing module 'address_decoder' (2#1) [/home/daniele/Scrivania/workspace_master/zybo_base_system/source/hw/project_gpio_interrupt/project_gpio_interrupt.srcs/sources_1/bd/design_gpio_interrupt/ipshared/0ba0/hdl/axi_lite_ipif_v3_0_vh_rfs.vhd:1775]
INFO: [Synth 8-256] done synthesizing module 'slave_attachment' (3#1) [/home/daniele/Scrivania/workspace_master/zybo_base_system/source/hw/project_gpio_interrupt/project_gpio_interrupt.srcs/sources_1/bd/design_gpio_interrupt/ipshared/0ba0/hdl/axi_lite_ipif_v3_0_vh_rfs.vhd:2341]
INFO: [Synth 8-256] done synthesizing module 'axi_lite_ipif' (4#1) [/home/daniele/Scrivania/workspace_master/zybo_base_system/source/hw/project_gpio_interrupt/project_gpio_interrupt.srcs/sources_1/bd/design_gpio_interrupt/ipshared/0ba0/hdl/axi_lite_ipif_v3_0_vh_rfs.vhd:2948]
INFO: [Synth 8-638] synthesizing module 'interrupt_control' [/home/daniele/Scrivania/workspace_master/zybo_base_system/source/hw/project_gpio_interrupt/project_gpio_interrupt.srcs/sources_1/bd/design_gpio_interrupt/ipshared/e956/hdl/interrupt_control_v3_1_vh_rfs.vhd:259]
INFO: [Synth 8-256] done synthesizing module 'interrupt_control' (5#1) [/home/daniele/Scrivania/workspace_master/zybo_base_system/source/hw/project_gpio_interrupt/project_gpio_interrupt.srcs/sources_1/bd/design_gpio_interrupt/ipshared/e956/hdl/interrupt_control_v3_1_vh_rfs.vhd:259]
INFO: [Synth 8-638] synthesizing module 'GPIO_Core' [/home/daniele/Scrivania/workspace_master/zybo_base_system/source/hw/project_gpio_interrupt/project_gpio_interrupt.srcs/sources_1/bd/design_gpio_interrupt/ipshared/4f16/hdl/axi_gpio_v2_0_vh_rfs.vhd:173]
INFO: [Synth 8-638] synthesizing module 'cdc_sync' [/home/daniele/Scrivania/workspace_master/zybo_base_system/source/hw/project_gpio_interrupt/project_gpio_interrupt.srcs/sources_1/bd/design_gpio_interrupt/ipshared/52cb/hdl/lib_cdc_v1_0_rfs.vhd:106]
INFO: [Synth 8-256] done synthesizing module 'cdc_sync' (6#1) [/home/daniele/Scrivania/workspace_master/zybo_base_system/source/hw/project_gpio_interrupt/project_gpio_interrupt.srcs/sources_1/bd/design_gpio_interrupt/ipshared/52cb/hdl/lib_cdc_v1_0_rfs.vhd:106]
INFO: [Synth 8-256] done synthesizing module 'GPIO_Core' (7#1) [/home/daniele/Scrivania/workspace_master/zybo_base_system/source/hw/project_gpio_interrupt/project_gpio_interrupt.srcs/sources_1/bd/design_gpio_interrupt/ipshared/4f16/hdl/axi_gpio_v2_0_vh_rfs.vhd:173]
INFO: [Synth 8-256] done synthesizing module 'axi_gpio' (8#1) [/home/daniele/Scrivania/workspace_master/zybo_base_system/source/hw/project_gpio_interrupt/project_gpio_interrupt.srcs/sources_1/bd/design_gpio_interrupt/ipshared/4f16/hdl/axi_gpio_v2_0_vh_rfs.vhd:1091]
INFO: [Synth 8-256] done synthesizing module 'design_gpio_interrupt_axi_gpio_0_0' (9#1) [/home/daniele/Scrivania/workspace_master/zybo_base_system/source/hw/project_gpio_interrupt/project_gpio_interrupt.srcs/sources_1/bd/design_gpio_interrupt/ip/design_gpio_interrupt_axi_gpio_0_0/synth/design_gpio_interrupt_axi_gpio_0_0.vhd:85]
Finished RTL Elaboration : Time (s): cpu = 00:00:14 ; elapsed = 00:00:15 . Memory (MB): peak = 1123.027 ; gain = 192.555 ; free physical = 9044 ; free virtual = 11281
Finished RTL Optimization Phase 1 : Time (s): cpu = 00:00:14 ; elapsed = 00:00:16 . Memory (MB): peak = 1123.027 ; gain = 192.555 ; free physical = 9032 ; free virtual = 11271
INFO: [Device 21-403] Loading part xc7z010clg400-1
Constraint Validation Runtime : Time (s): cpu = 00:00:00.04 ; elapsed = 00:00:00.03 . Memory (MB): peak = 1484.223 ; gain = 0.000 ; free physical = 7785 ; free virtual = 10023
Finished Constraint Validation : Time (s): cpu = 00:00:28 ; elapsed = 00:00:31 . Memory (MB): peak = 1484.223 ; gain = 553.750 ; free physical = 7602 ; free virtual = 9840
Finished Loading Part and Timing Information : Time (s): cpu = 00:00:28 ; elapsed = 00:00:31 . Memory (MB): peak = 1484.223 ; gain = 553.750 ; free physical = 7602 ; free virtual = 9840
Finished applying 'set_property' XDC Constraints : Time (s): cpu = 00:00:28 ; elapsed = 00:00:31 . Memory (MB): peak = 1484.223 ; gain = 553.750 ; free physical = 7602 ; free virtual = 9840
Finished RTL Optimization Phase 2 : Time (s): cpu = 00:00:29 ; elapsed = 00:00:31 . Memory (MB): peak = 1484.223 ; gain = 553.750 ; free physical = 7607 ; free virtual = 9846
Finished Cross Boundary and Area Optimization : Time (s): cpu = 00:00:29 ; elapsed = 00:00:32 . Memory (MB): peak = 1484.223 ; gain = 553.750 ; free physical = 7590 ; free virtual = 9829
Finished Applying XDC Timing Constraints : Time (s): cpu = 00:00:42 ; elapsed = 00:00:45 . Memory (MB): peak = 1484.223 ; gain = 553.750 ; free physical = 7905 ; free virtual = 10145
Finished Timing Optimization : Time (s): cpu = 00:00:42 ; elapsed = 00:00:45 . Memory (MB): peak = 1484.223 ; gain = 553.750 ; free physical = 7887 ; free virtual = 10126
Finished Technology Mapping : Time (s): cpu = 00:00:42 ; elapsed = 00:00:45 . Memory (MB): peak = 1484.223 ; gain = 553.750 ; free physical = 7881 ; free virtual = 10121
Finished IO Insertion : Time (s): cpu = 00:00:43 ; elapsed = 00:00:46 . Memory (MB): peak = 1484.223 ; gain = 553.750 ; free physical = 7816 ; free virtual = 10055
Finished Renaming Generated Instances : Time (s): cpu = 00:00:43 ; elapsed = 00:00:46 . Memory (MB): peak = 1484.223 ; gain = 553.750 ; free physical = 7816 ; free virtual = 10055
Finished Rebuilding User Hierarchy : Time (s): cpu = 00:00:43 ; elapsed = 00:00:46 . Memory (MB): peak = 1484.223 ; gain = 553.750 ; free physical = 7813 ; free virtual = 10053
Finished Renaming Generated Ports : Time (s): cpu = 00:00:43 ; elapsed = 00:00:46 . Memory (MB): peak = 1484.223 ; gain = 553.750 ; free physical = 7812 ; free virtual = 10052
Finished Handling Custom Attributes : Time (s): cpu = 00:00:43 ; elapsed = 00:00:46 . Memory (MB): peak = 1484.223 ; gain = 553.750 ; free physical = 7807 ; free virtual = 10046
Finished Renaming Generated Nets : Time (s): cpu = 00:00:43 ; elapsed = 00:00:46 . Memory (MB): peak = 1484.223 ; gain = 553.750 ; free physical = 7806 ; free virtual = 10046

Report Cell Usage: 
+------+-----+------+
|      |Cell |Count |
+------+-----+------+
|1     |LUT1 |     2|
|2     |LUT2 |     9|
|3     |LUT3 |     6|
|4     |LUT4 |    18|
|5     |LUT5 |    18|
|6     |LUT6 |    30|
|7     |FDR  |    16|
|8     |FDRE |    81|
|9     |FDSE |     6|
+------+-----+------+
Finished Writing Synthesis Report : Time (s): cpu = 00:00:43 ; elapsed = 00:00:46 . Memory (MB): peak = 1484.223 ; gain = 553.750 ; free physical = 7806 ; free virtual = 10045
synth_design: Time (s): cpu = 00:00:39 ; elapsed = 00:00:42 . Memory (MB): peak = 1484.223 ; gain = 486.246 ; free physical = 8120 ; free virtual = 10360
