14:09:19 **** Auto Build of configuration Debug for project gpio ****
make pre-build main-build 
a9-linaro-pre-build-step
 
Building file: ../src/gpio_functions.c
Invoking: ARM v7 gcc compiler
arm-none-eabi-gcc -Wall -O0 -g3 -c -fmessage-length=0 -MT"src/gpio_functions.o" -mcpu=cortex-a9 -mfpu=vfpv3 -mfloat-abi=hard -I../../gpio_bsp/ps7_cortexa9_0/include -MMD -MP -MF"src/gpio_functions.d" -MT"src/gpio_functions.o" -o "src/gpio_functions.o" "../src/gpio_functions.c"
Finished building: ../src/gpio_functions.c
 
Building file: ../src/main.c
Invoking: ARM v7 gcc compiler
arm-none-eabi-gcc -Wall -O0 -g3 -c -fmessage-length=0 -MT"src/main.o" -mcpu=cortex-a9 -mfpu=vfpv3 -mfloat-abi=hard -I../../gpio_bsp/ps7_cortexa9_0/include -MMD -MP -MF"src/main.d" -MT"src/main.o" -o "src/main.o" "../src/main.c"
Finished building: ../src/main.c
 
Building target: gpio.elf
Invoking: ARM v7 gcc linker
arm-none-eabi-gcc -mcpu=cortex-a9 -mfpu=vfpv3 -mfloat-abi=hard -Wl,-build-id=none -specs=Xilinx.spec -Wl,-T -Wl,../src/lscript.ld -L../../gpio_bsp/ps7_cortexa9_0/lib -o "gpio.elf"  ./src/gpio_functions.o ./src/main.o ./src/platform.o   -Wl,--start-group,-lxil,-lgcc,-lc,--end-group
Finished building target: gpio.elf
 
Invoking: ARM v7 Print Size
arm-none-eabi-size gpio.elf  |tee "gpio.elf.size"
   text	   data	    bss	    dec	    hex	filename
  57716	   2588	  23340	  83644	  146bc	gpio.elf
Finished building: gpio.elf.size
 

14:09:19 Build Finished (took 174ms)

