15:27:53 INFO  : Registering command handlers for SDK TCF services
15:27:55 INFO  : Launching XSCT server: xsct -n -interactive /home/daniele/Sistemi_Embedded/Esercitazione_7/Driver/Esercitazione_7/Driver_GPIO_Custom/Prima_Tipologia/vivado_project/project_gpio_custom/project_gpio_custom.sdk/temp_xsdb_launch_script.tcl
15:27:55 ERROR : (XSDB Server)awk: symbol lookup error: awk: undefined symbol: mpfr_z_sub

15:27:56 INFO  : XSCT server has started successfully.
15:27:56 INFO  : Successfully done setting XSCT server connection channel  
15:27:56 INFO  : Successfully done setting SDK workspace  
15:27:56 INFO  : Processing command line option -hwspec /home/daniele/Sistemi_Embedded/Esercitazione_7/Driver/Esercitazione_7/Driver_GPIO_Custom/Prima_Tipologia/vivado_project/project_gpio_custom/project_gpio_custom.sdk/design_for_gpio_wrapper.hdf.
15:30:29 INFO  : Connected to target on host '127.0.0.1' and port '3121'.
15:30:29 INFO  : 'targets -set -filter {jtag_cable_name =~ "Digilent Zybo 210279760109A" && level==0} -index 1' command is executed.
15:30:30 INFO  : FPGA configured successfully with bitstream "/home/daniele/Sistemi_Embedded/Esercitazione_7/Driver/Esercitazione_7/Driver_GPIO_Custom/Prima_Tipologia/vivado_project/project_gpio_custom/project_gpio_custom.sdk/design_for_gpio_wrapper_hw_platform_0/design_for_gpio_wrapper.bit"
15:30:41 INFO  : 'targets -set -filter {jtag_cable_name =~ "Digilent Zybo 210279760109A" && level==0} -index 1' command is executed.
15:30:41 INFO  : 'fpga -state' command is executed.
15:30:41 INFO  : Connected to target on host '127.0.0.1' and port '3121'.
15:30:41 INFO  : Jtag cable 'Digilent Zybo 210279760109A' is selected.
15:30:41 INFO  : 'jtag frequency' command is executed.
15:30:41 INFO  : Sourcing of '/home/daniele/Sistemi_Embedded/Esercitazione_7/Driver/Esercitazione_7/Driver_GPIO_Custom/Prima_Tipologia/vivado_project/project_gpio_custom/project_gpio_custom.sdk/design_for_gpio_wrapper_hw_platform_0/ps7_init.tcl' is done.
15:30:41 INFO  : Context for 'APU' is selected.
15:30:41 INFO  : Hardware design information is loaded from '/home/daniele/Sistemi_Embedded/Esercitazione_7/Driver/Esercitazione_7/Driver_GPIO_Custom/Prima_Tipologia/vivado_project/project_gpio_custom/project_gpio_custom.sdk/design_for_gpio_wrapper_hw_platform_0/system.hdf'.
15:30:41 INFO  : Context for 'APU' is selected.
15:30:41 INFO  : 'stop' command is executed.
15:30:42 INFO  : 'ps7_init' command is executed.
15:30:42 INFO  : 'ps7_post_config' command is executed.
15:30:42 INFO  : Context for processor 'ps7_cortexa9_0' is selected.
15:30:42 INFO  : Processor reset is completed for 'ps7_cortexa9_0'.
15:30:42 INFO  : Context for processor 'ps7_cortexa9_0' is selected.
15:30:42 INFO  : The application '/home/daniele/Sistemi_Embedded/Esercitazione_7/Driver/Esercitazione_7/Driver_GPIO_Custom/Prima_Tipologia/vivado_project/project_gpio_custom/project_gpio_custom.sdk/prova/Debug/prova.elf' is downloaded to processor 'ps7_cortexa9_0'.
15:30:42 INFO  : ----------------XSDB Script----------------
connect -url tcp:127.0.0.1:3121
source /home/daniele/Sistemi_Embedded/Esercitazione_7/Driver/Esercitazione_7/Driver_GPIO_Custom/Prima_Tipologia/vivado_project/project_gpio_custom/project_gpio_custom.sdk/design_for_gpio_wrapper_hw_platform_0/ps7_init.tcl
targets -set -nocase -filter {name =~"APU*" && jtag_cable_name =~ "Digilent Zybo 210279760109A"} -index 0
loadhw /home/daniele/Sistemi_Embedded/Esercitazione_7/Driver/Esercitazione_7/Driver_GPIO_Custom/Prima_Tipologia/vivado_project/project_gpio_custom/project_gpio_custom.sdk/design_for_gpio_wrapper_hw_platform_0/system.hdf
targets -set -nocase -filter {name =~"APU*" && jtag_cable_name =~ "Digilent Zybo 210279760109A"} -index 0
stop
ps7_init
ps7_post_config
targets -set -nocase -filter {name =~ "ARM*#0" && jtag_cable_name =~ "Digilent Zybo 210279760109A"} -index 0
rst -processor
targets -set -nocase -filter {name =~ "ARM*#0" && jtag_cable_name =~ "Digilent Zybo 210279760109A"} -index 0
dow /home/daniele/Sistemi_Embedded/Esercitazione_7/Driver/Esercitazione_7/Driver_GPIO_Custom/Prima_Tipologia/vivado_project/project_gpio_custom/project_gpio_custom.sdk/prova/Debug/prova.elf
----------------End of Script----------------

15:30:42 INFO  : Memory regions updated for context APU
15:30:42 INFO  : Context for processor 'ps7_cortexa9_0' is selected.
15:30:42 INFO  : 'con' command is executed.
15:30:42 INFO  : ----------------XSDB Script (After Launch)----------------
targets -set -nocase -filter {name =~ "ARM*#0" && jtag_cable_name =~ "Digilent Zybo 210279760109A"} -index 0
con
----------------End of Script----------------

15:30:42 INFO  : Launch script is exported to file '/home/daniele/Sistemi_Embedded/Esercitazione_7/Driver/Esercitazione_7/Driver_GPIO_Custom/Prima_Tipologia/vivado_project/project_gpio_custom/project_gpio_custom.sdk/.sdk/launch_scripts/xilinx_c-c++_application_(system_debugger)/system_debugger_using_debug_prova.elf_on_local.tcl'
15:34:20 INFO  : Disconnected from the channel tcfchan#1.
15:36:09 INFO  : Registering command handlers for SDK TCF services
15:36:10 INFO  : Launching XSCT server: xsct -n -interactive /home/daniele/Sistemi_Embedded/Esercitazione_7/Driver/Esercitazione_7/Driver_GPIO_Custom/Prima_Tipologia/vivado_project/project_gpio_custom/project_gpio_custom.sdk/temp_xsdb_launch_script.tcl
15:36:10 ERROR : (XSDB Server)awk: symbol lookup error: awk: undefined symbol: mpfr_z_sub

15:36:11 INFO  : XSCT server has started successfully.
15:36:11 INFO  : Successfully done setting XSCT server connection channel  
15:36:11 INFO  : Successfully done setting SDK workspace  
15:36:11 INFO  : Processing command line option -hwspec /home/daniele/Sistemi_Embedded/Esercitazione_7/Driver/Esercitazione_7/Driver_GPIO_Custom/Prima_Tipologia/vivado_project/project_gpio_custom/project_gpio_custom.sdk/design_for_gpio_wrapper.hdf.
15:36:11 INFO  : Checking for hwspec changes in the project design_for_gpio_wrapper_hw_platform_0.
15:36:20 INFO  : Connected to target on host '127.0.0.1' and port '3121'.
15:36:20 INFO  : 'targets -set -filter {jtag_cable_name =~ "Digilent Zybo 210279760109A" && level==0} -index 1' command is executed.
15:36:24 INFO  : FPGA configured successfully with bitstream "/home/daniele/Sistemi_Embedded/Esercitazione_7/Driver/Esercitazione_7/Driver_GPIO_Custom/Prima_Tipologia/vivado_project/project_gpio_custom/project_gpio_custom.sdk/design_for_gpio_wrapper_hw_platform_0/design_for_gpio_wrapper.bit"
15:36:35 INFO  : 'targets -set -filter {jtag_cable_name =~ "Digilent Zybo 210279760109A" && level==0} -index 1' command is executed.
15:36:35 INFO  : 'fpga -state' command is executed.
15:36:35 INFO  : Connected to target on host '127.0.0.1' and port '3121'.
15:36:35 INFO  : Jtag cable 'Digilent Zybo 210279760109A' is selected.
15:36:35 INFO  : 'jtag frequency' command is executed.
15:36:35 INFO  : Sourcing of '/home/daniele/Sistemi_Embedded/Esercitazione_7/Driver/Esercitazione_7/Driver_GPIO_Custom/Prima_Tipologia/vivado_project/project_gpio_custom/project_gpio_custom.sdk/design_for_gpio_wrapper_hw_platform_0/ps7_init.tcl' is done.
15:36:35 INFO  : Context for 'APU' is selected.
15:36:35 INFO  : Hardware design information is loaded from '/home/daniele/Sistemi_Embedded/Esercitazione_7/Driver/Esercitazione_7/Driver_GPIO_Custom/Prima_Tipologia/vivado_project/project_gpio_custom/project_gpio_custom.sdk/design_for_gpio_wrapper_hw_platform_0/system.hdf'.
15:36:35 INFO  : Context for 'APU' is selected.
15:36:35 INFO  : 'stop' command is executed.
15:36:35 INFO  : 'ps7_init' command is executed.
15:36:35 INFO  : 'ps7_post_config' command is executed.
15:36:35 INFO  : Context for processor 'ps7_cortexa9_0' is selected.
15:36:35 INFO  : Processor reset is completed for 'ps7_cortexa9_0'.
15:36:35 INFO  : Context for processor 'ps7_cortexa9_0' is selected.
15:36:36 INFO  : The application '/home/daniele/Sistemi_Embedded/Esercitazione_7/Driver/Esercitazione_7/Driver_GPIO_Custom/Prima_Tipologia/vivado_project/project_gpio_custom/project_gpio_custom.sdk/prova/Debug/prova.elf' is downloaded to processor 'ps7_cortexa9_0'.
15:36:36 INFO  : ----------------XSDB Script----------------
connect -url tcp:127.0.0.1:3121
source /home/daniele/Sistemi_Embedded/Esercitazione_7/Driver/Esercitazione_7/Driver_GPIO_Custom/Prima_Tipologia/vivado_project/project_gpio_custom/project_gpio_custom.sdk/design_for_gpio_wrapper_hw_platform_0/ps7_init.tcl
targets -set -nocase -filter {name =~"APU*" && jtag_cable_name =~ "Digilent Zybo 210279760109A"} -index 0
loadhw /home/daniele/Sistemi_Embedded/Esercitazione_7/Driver/Esercitazione_7/Driver_GPIO_Custom/Prima_Tipologia/vivado_project/project_gpio_custom/project_gpio_custom.sdk/design_for_gpio_wrapper_hw_platform_0/system.hdf
targets -set -nocase -filter {name =~"APU*" && jtag_cable_name =~ "Digilent Zybo 210279760109A"} -index 0
stop
ps7_init
ps7_post_config
targets -set -nocase -filter {name =~ "ARM*#0" && jtag_cable_name =~ "Digilent Zybo 210279760109A"} -index 0
rst -processor
targets -set -nocase -filter {name =~ "ARM*#0" && jtag_cable_name =~ "Digilent Zybo 210279760109A"} -index 0
dow /home/daniele/Sistemi_Embedded/Esercitazione_7/Driver/Esercitazione_7/Driver_GPIO_Custom/Prima_Tipologia/vivado_project/project_gpio_custom/project_gpio_custom.sdk/prova/Debug/prova.elf
----------------End of Script----------------

15:36:36 INFO  : Memory regions updated for context APU
15:36:36 INFO  : Context for processor 'ps7_cortexa9_0' is selected.
15:36:36 INFO  : 'con' command is executed.
15:36:36 INFO  : ----------------XSDB Script (After Launch)----------------
targets -set -nocase -filter {name =~ "ARM*#0" && jtag_cable_name =~ "Digilent Zybo 210279760109A"} -index 0
con
----------------End of Script----------------

15:36:36 INFO  : Launch script is exported to file '/home/daniele/Sistemi_Embedded/Esercitazione_7/Driver/Esercitazione_7/Driver_GPIO_Custom/Prima_Tipologia/vivado_project/project_gpio_custom/project_gpio_custom.sdk/.sdk/launch_scripts/xilinx_c-c++_application_(system_debugger)/system_debugger_using_debug_prova.elf_on_local.tcl'
15:37:23 INFO  : Disconnected from the channel tcfchan#1.
15:37:51 INFO  : Registering command handlers for SDK TCF services
15:37:52 INFO  : Launching XSCT server: xsct -n -interactive /home/daniele/Sistemi_Embedded/Esercitazione_7/Driver/Esercitazione_7/Driver_GPIO_Custom/Prima_Tipologia/vivado_project/project_gpio_custom/project_gpio_custom.sdk/temp_xsdb_launch_script.tcl
15:37:53 INFO  : XSCT server has started successfully.
15:37:53 INFO  : Successfully done setting XSCT server connection channel  
15:37:53 INFO  : Successfully done setting SDK workspace  
15:39:04 INFO  : Saving repository preferences.
15:39:04 INFO  : Reading in cores from local repositories: 
		 /home/daniele/Sistemi_Embedded/Esercitazione_6/Elaborato6_kernel/workspace_master/device-tree-xlnx
15:39:04 INFO  : Cleaning BSP projects in the workspace.
15:46:26 INFO  : Invoking Bootgen: bootgen -image output.bif -arch zynq -o /home/daniele/Sistemi_Embedded/Esercitazione_7/Driver/Esercitazione_7/Driver_GPIO_Custom/Prima_Tipologia/sd_file/BOOT.bin
15:46:26 INFO  : Creating new bif file /home/daniele/Sistemi_Embedded/Esercitazione_7/Driver/Esercitazione_7/Driver_GPIO_Custom/Prima_Tipologia/sd_file/output.bif
15:46:26 INFO  : Bootgen command execution is done.
