Copyright 1986-2016 Xilinx, Inc. All Rights Reserved.
-----------------------------------------------------------------------------------------------------------------------------------------------------
| Tool Version : Vivado v.2016.4 (lin64) Build 1756540 Mon Jan 23 19:11:19 MST 2017
| Date         : Sun Jul  9 20:35:42 2017
| Host         : daniele-Inspiron-7559 running 64-bit Ubuntu 16.04.2 LTS
| Command      : report_methodology -file design_for_gpio_wrapper_methodology_drc_routed.rpt -rpx design_for_gpio_wrapper_methodology_drc_routed.rpx
| Design       : design_for_gpio_wrapper
| Device       : xc7z010clg400-1
| Speed File   : -1
| Design State : Routed
-----------------------------------------------------------------------------------------------------------------------------------------------------

Report Methodology

Table of Contents
-----------------
1. REPORT SUMMARY
2. REPORT DETAILS

1. REPORT SUMMARY
-----------------
            Netlist: netlist
          Floorplan: design_1
      Design limits: <entire design considered>
             Max violations: <unlimited>
             Violations found: 20
+-----------+----------+---------------------------------------------------+------------+
| Rule      | Severity | Description                                       | Violations |
+-----------+----------+---------------------------------------------------+------------+
| TIMING-18 | Warning  | Missing input or output delay                     | 12         |
| XDCC-2    | Warning  | Scoped Non-Timing constraint/property overwritten | 8          |
+-----------+----------+---------------------------------------------------+------------+

2. REPORT DETAILS
-----------------
TIMING-18#1 Warning
Missing input or output delay  
An input delay is missing on btn_tri_i[0] relative to clock(s) clk_fpga_0 
Related violations: <none>

TIMING-18#2 Warning
Missing input or output delay  
An input delay is missing on btn_tri_i[1] relative to clock(s) clk_fpga_0 
Related violations: <none>

TIMING-18#3 Warning
Missing input or output delay  
An input delay is missing on btn_tri_i[2] relative to clock(s) clk_fpga_0 
Related violations: <none>

TIMING-18#4 Warning
Missing input or output delay  
An input delay is missing on btn_tri_i[3] relative to clock(s) clk_fpga_0 
Related violations: <none>

TIMING-18#5 Warning
Missing input or output delay  
An input delay is missing on swt_tri_i[0] relative to clock(s) clk_fpga_0 
Related violations: <none>

TIMING-18#6 Warning
Missing input or output delay  
An input delay is missing on swt_tri_i[1] relative to clock(s) clk_fpga_0 
Related violations: <none>

TIMING-18#7 Warning
Missing input or output delay  
An input delay is missing on swt_tri_i[2] relative to clock(s) clk_fpga_0 
Related violations: <none>

TIMING-18#8 Warning
Missing input or output delay  
An input delay is missing on swt_tri_i[3] relative to clock(s) clk_fpga_0 
Related violations: <none>

TIMING-18#9 Warning
Missing input or output delay  
An output delay is missing on led_tri_o[0] relative to clock(s) clk_fpga_0 
Related violations: <none>

TIMING-18#10 Warning
Missing input or output delay  
An output delay is missing on led_tri_o[1] relative to clock(s) clk_fpga_0 
Related violations: <none>

TIMING-18#11 Warning
Missing input or output delay  
An output delay is missing on led_tri_o[2] relative to clock(s) clk_fpga_0 
Related violations: <none>

TIMING-18#12 Warning
Missing input or output delay  
An output delay is missing on led_tri_o[3] relative to clock(s) clk_fpga_0 
Related violations: <none>

XDCC-2#1 Warning
Scoped Non-Timing constraint/property overwritten  
A new XDC property IOSTANDARD on btn_tri_i[0] overrides a previous scoped property. It is not recommended to override a scoped (typically an IP) property and could result in unexpected behaviours.
New Source: /home/daniele/Sistemi_Embedded/Esercitazione_7/Driver/Esercitazione_7/Driver_GPIO_Xilinx/Terza_tipologia/vivado_project/project_gpio/project_gpio.srcs/constrs_2/new/pad_lcoation.xdc (Line: 8)
Previous Source: /home/daniele/Sistemi_Embedded/Esercitazione_7/Driver/Esercitazione_7/Driver_GPIO_Xilinx/Terza_tipologia/vivado_project/project_gpio/project_gpio.srcs/sources_1/bd/design_for_gpio/ip/design_for_gpio_axi_gpio_0_0/design_for_gpio_axi_gpio_0_0_board.xdc (Line: 3)
Related violations: <none>

XDCC-2#2 Warning
Scoped Non-Timing constraint/property overwritten  
A new XDC property IOSTANDARD on btn_tri_i[1] overrides a previous scoped property. It is not recommended to override a scoped (typically an IP) property and could result in unexpected behaviours.
New Source: /home/daniele/Sistemi_Embedded/Esercitazione_7/Driver/Esercitazione_7/Driver_GPIO_Xilinx/Terza_tipologia/vivado_project/project_gpio/project_gpio.srcs/constrs_2/new/pad_lcoation.xdc (Line: 7)
Previous Source: /home/daniele/Sistemi_Embedded/Esercitazione_7/Driver/Esercitazione_7/Driver_GPIO_Xilinx/Terza_tipologia/vivado_project/project_gpio/project_gpio.srcs/sources_1/bd/design_for_gpio/ip/design_for_gpio_axi_gpio_0_0/design_for_gpio_axi_gpio_0_0_board.xdc (Line: 5)
Related violations: <none>

XDCC-2#3 Warning
Scoped Non-Timing constraint/property overwritten  
A new XDC property IOSTANDARD on btn_tri_i[2] overrides a previous scoped property. It is not recommended to override a scoped (typically an IP) property and could result in unexpected behaviours.
New Source: /home/daniele/Sistemi_Embedded/Esercitazione_7/Driver/Esercitazione_7/Driver_GPIO_Xilinx/Terza_tipologia/vivado_project/project_gpio/project_gpio.srcs/constrs_2/new/pad_lcoation.xdc (Line: 6)
Previous Source: /home/daniele/Sistemi_Embedded/Esercitazione_7/Driver/Esercitazione_7/Driver_GPIO_Xilinx/Terza_tipologia/vivado_project/project_gpio/project_gpio.srcs/sources_1/bd/design_for_gpio/ip/design_for_gpio_axi_gpio_0_0/design_for_gpio_axi_gpio_0_0_board.xdc (Line: 7)
Related violations: <none>

XDCC-2#4 Warning
Scoped Non-Timing constraint/property overwritten  
A new XDC property IOSTANDARD on btn_tri_i[3] overrides a previous scoped property. It is not recommended to override a scoped (typically an IP) property and could result in unexpected behaviours.
New Source: /home/daniele/Sistemi_Embedded/Esercitazione_7/Driver/Esercitazione_7/Driver_GPIO_Xilinx/Terza_tipologia/vivado_project/project_gpio/project_gpio.srcs/constrs_2/new/pad_lcoation.xdc (Line: 5)
Previous Source: /home/daniele/Sistemi_Embedded/Esercitazione_7/Driver/Esercitazione_7/Driver_GPIO_Xilinx/Terza_tipologia/vivado_project/project_gpio/project_gpio.srcs/sources_1/bd/design_for_gpio/ip/design_for_gpio_axi_gpio_0_0/design_for_gpio_axi_gpio_0_0_board.xdc (Line: 9)
Related violations: <none>

XDCC-2#5 Warning
Scoped Non-Timing constraint/property overwritten  
A new XDC property IOSTANDARD on swt_tri_i[0] overrides a previous scoped property. It is not recommended to override a scoped (typically an IP) property and could result in unexpected behaviours.
New Source: /home/daniele/Sistemi_Embedded/Esercitazione_7/Driver/Esercitazione_7/Driver_GPIO_Xilinx/Terza_tipologia/vivado_project/project_gpio/project_gpio.srcs/constrs_2/new/pad_lcoation.xdc (Line: 24)
Previous Source: /home/daniele/Sistemi_Embedded/Esercitazione_7/Driver/Esercitazione_7/Driver_GPIO_Xilinx/Terza_tipologia/vivado_project/project_gpio/project_gpio.srcs/sources_1/bd/design_for_gpio/ip/design_for_gpio_axi_gpio_0_0/design_for_gpio_axi_gpio_0_0_board.xdc (Line: 11)
Related violations: <none>

XDCC-2#6 Warning
Scoped Non-Timing constraint/property overwritten  
A new XDC property IOSTANDARD on swt_tri_i[1] overrides a previous scoped property. It is not recommended to override a scoped (typically an IP) property and could result in unexpected behaviours.
New Source: /home/daniele/Sistemi_Embedded/Esercitazione_7/Driver/Esercitazione_7/Driver_GPIO_Xilinx/Terza_tipologia/vivado_project/project_gpio/project_gpio.srcs/constrs_2/new/pad_lcoation.xdc (Line: 23)
Previous Source: /home/daniele/Sistemi_Embedded/Esercitazione_7/Driver/Esercitazione_7/Driver_GPIO_Xilinx/Terza_tipologia/vivado_project/project_gpio/project_gpio.srcs/sources_1/bd/design_for_gpio/ip/design_for_gpio_axi_gpio_0_0/design_for_gpio_axi_gpio_0_0_board.xdc (Line: 13)
Related violations: <none>

XDCC-2#7 Warning
Scoped Non-Timing constraint/property overwritten  
A new XDC property IOSTANDARD on swt_tri_i[2] overrides a previous scoped property. It is not recommended to override a scoped (typically an IP) property and could result in unexpected behaviours.
New Source: /home/daniele/Sistemi_Embedded/Esercitazione_7/Driver/Esercitazione_7/Driver_GPIO_Xilinx/Terza_tipologia/vivado_project/project_gpio/project_gpio.srcs/constrs_2/new/pad_lcoation.xdc (Line: 22)
Previous Source: /home/daniele/Sistemi_Embedded/Esercitazione_7/Driver/Esercitazione_7/Driver_GPIO_Xilinx/Terza_tipologia/vivado_project/project_gpio/project_gpio.srcs/sources_1/bd/design_for_gpio/ip/design_for_gpio_axi_gpio_0_0/design_for_gpio_axi_gpio_0_0_board.xdc (Line: 15)
Related violations: <none>

XDCC-2#8 Warning
Scoped Non-Timing constraint/property overwritten  
A new XDC property IOSTANDARD on swt_tri_i[3] overrides a previous scoped property. It is not recommended to override a scoped (typically an IP) property and could result in unexpected behaviours.
New Source: /home/daniele/Sistemi_Embedded/Esercitazione_7/Driver/Esercitazione_7/Driver_GPIO_Xilinx/Terza_tipologia/vivado_project/project_gpio/project_gpio.srcs/constrs_2/new/pad_lcoation.xdc (Line: 21)
Previous Source: /home/daniele/Sistemi_Embedded/Esercitazione_7/Driver/Esercitazione_7/Driver_GPIO_Xilinx/Terza_tipologia/vivado_project/project_gpio/project_gpio.srcs/sources_1/bd/design_for_gpio/ip/design_for_gpio_axi_gpio_0_0/design_for_gpio_axi_gpio_0_0_board.xdc (Line: 17)
Related violations: <none>


