Copyright 1986-2016 Xilinx, Inc. All Rights Reserved.
----------------------------------------------------------------------------------------------------
| Tool Version : Vivado v.2016.1 (lin64) Build 1538259 Fri Apr  8 15:45:23 MDT 2016
| Date         : Mon Jun  5 11:45:21 2017
| Host         : ciro-X550JD running 64-bit Ubuntu 14.04.5 LTS
| Command      : report_control_sets -verbose -file design_for_gpio_wrapper_control_sets_placed.rpt
| Design       : design_for_gpio_wrapper
| Device       : xc7z010
----------------------------------------------------------------------------------------------------

Control Set Information

Table of Contents
-----------------
1. Summary
2. Flip-Flop Distribution
3. Detailed Control Set Information

1. Summary
----------

+----------------------------------------------------------+-------+
|                          Status                          | Count |
+----------------------------------------------------------+-------+
| Number of unique control sets                            |    45 |
| Unused register locations in slices containing registers |   106 |
+----------------------------------------------------------+-------+


2. Flip-Flop Distribution
-------------------------

+--------------+-----------------------+------------------------+-----------------+--------------+
| Clock Enable | Synchronous Set/Reset | Asynchronous Set/Reset | Total Registers | Total Slices |
+--------------+-----------------------+------------------------+-----------------+--------------+
| No           | No                    | No                     |             122 |           40 |
| No           | No                    | Yes                    |               0 |            0 |
| No           | Yes                   | No                     |              91 |           26 |
| Yes          | No                    | No                     |             369 |           88 |
| Yes          | No                    | Yes                    |               0 |            0 |
| Yes          | Yes                   | No                     |             200 |           50 |
+--------------+-----------------------+------------------------+-----------------+--------------+


3. Detailed Control Set Information
-----------------------------------

+--------------------------------------------------------+-----------------------------------------------------------------------------------------------------------------------------------------------------------------------+------------------------------------------------------------------------------------------------------------------------------------------------------------------+------------------+----------------+
|                      Clock Signal                      |                                                                             Enable Signal                                                                             |                                                                         Set/Reset Signal                                                                         | Slice Load Count | Bel Load Count |
+--------------------------------------------------------+-----------------------------------------------------------------------------------------------------------------------------------------------------------------------+------------------------------------------------------------------------------------------------------------------------------------------------------------------+------------------+----------------+
|  design_for_gpio_i/processing_system7_0/inst/FCLK_CLK0 | design_for_gpio_i/processing_system7_0_axi_periph/s00_couplers/auto_pc/inst/gen_axilite.gen_b2s_conv.axilite_b2s/WR.b_channel_0/bid_fifo_0/bresp_push                 |                                                                                                                                                                  |                1 |              2 |
|  design_for_gpio_i/processing_system7_0/inst/FCLK_CLK0 | design_for_gpio_i/processing_system7_0_axi_periph/s00_couplers/auto_pc/inst/gen_axilite.gen_b2s_conv.axilite_b2s/WR.aw_channel_0/aw_cmd_fsm_0/axlen_cnt_reg[3][0]     | design_for_gpio_i/processing_system7_0_axi_periph/s00_couplers/auto_pc/inst/gen_axilite.gen_b2s_conv.axilite_b2s/WR.aw_channel_0/aw_cmd_fsm_0/axlen_cnt_reg[7]_1 |                2 |              4 |
|  design_for_gpio_i/processing_system7_0/inst/FCLK_CLK0 |                                                                                                                                                                       | design_for_gpio_i/processing_system7_0_axi_periph/s00_couplers/auto_pc/inst/gen_axilite.gen_b2s_conv.axilite_b2s/SI_REG/ar_pipe/m_valid_i_reg_0                  |                2 |              4 |
|  design_for_gpio_i/processing_system7_0/inst/FCLK_CLK0 |                                                                                                                                                                       | design_for_gpio_i/processing_system7_0_axi_periph/s00_couplers/auto_pc/inst/gen_axilite.gen_b2s_conv.axilite_b2s/SI_REG/aw_pipe/s_ready_i_reg_0                  |                2 |              4 |
|  design_for_gpio_i/processing_system7_0/inst/FCLK_CLK0 | design_for_gpio_i/processing_system7_0_axi_periph/s00_couplers/auto_pc/inst/gen_axilite.gen_b2s_conv.axilite_b2s/WR.aw_channel_0/aw_cmd_fsm_0/axaddr_incr_reg[11]     |                                                                                                                                                                  |                1 |              4 |
|  design_for_gpio_i/processing_system7_0/inst/FCLK_CLK0 | design_for_gpio_i/processing_system7_0_axi_periph/s00_couplers/auto_pc/inst/gen_axilite.gen_b2s_conv.axilite_b2s/WR.aw_channel_0/aw_cmd_fsm_0/E[0]                    |                                                                                                                                                                  |                3 |              4 |
|  design_for_gpio_i/processing_system7_0/inst/FCLK_CLK0 | design_for_gpio_i/processing_system7_0_axi_periph/s00_couplers/auto_pc/inst/gen_axilite.gen_b2s_conv.axilite_b2s/RD.ar_channel_0/ar_cmd_fsm_0/axaddr_incr_reg[11]     |                                                                                                                                                                  |                1 |              4 |
|  design_for_gpio_i/processing_system7_0/inst/FCLK_CLK0 | design_for_gpio_i/processing_system7_0_axi_periph/s00_couplers/auto_pc/inst/gen_axilite.gen_b2s_conv.axilite_b2s/RD.ar_channel_0/ar_cmd_fsm_0/E[0]                    |                                                                                                                                                                  |                2 |              4 |
|  design_for_gpio_i/processing_system7_0/inst/FCLK_CLK0 | design_for_gpio_i/processing_system7_0_axi_periph/s00_couplers/auto_pc/inst/gen_axilite.gen_b2s_conv.axilite_b2s/RD.ar_channel_0/ar_cmd_fsm_0/axlen_cnt_reg[3][0]     | design_for_gpio_i/processing_system7_0_axi_periph/s00_couplers/auto_pc/inst/gen_axilite.gen_b2s_conv.axilite_b2s/RD.ar_channel_0/ar_cmd_fsm_0/axlen_cnt_reg[7]   |                1 |              4 |
|  design_for_gpio_i/processing_system7_0/inst/FCLK_CLK0 |                                                                                                                                                                       | design_for_gpio_i/rst_processing_system7_0_100M/U0/EXT_LPF/lpf_int                                                                                               |                3 |              5 |
|  design_for_gpio_i/processing_system7_0/inst/FCLK_CLK0 | design_for_gpio_i/rst_processing_system7_0_100M/U0/SEQ/seq_cnt_en                                                                                                     | design_for_gpio_i/rst_processing_system7_0_100M/U0/SEQ/SEQ_COUNTER/clear                                                                                         |                1 |              6 |
|  design_for_gpio_i/processing_system7_0/inst/FCLK_CLK0 | design_for_gpio_i/my_gpio_0/U0/my_gpio_v1_0_S00_AXI_inst/slv_reg0[23]_i_1_n_0                                                                                         | design_for_gpio_i/my_gpio_0/U0/my_gpio_v1_0_S00_AXI_inst/axi_awready_i_1_n_0                                                                                     |                1 |              8 |
|  design_for_gpio_i/processing_system7_0/inst/FCLK_CLK0 | design_for_gpio_i/processing_system7_0_axi_periph/s00_couplers/auto_pc/inst/gen_axilite.gen_b2s_conv.axilite_b2s/WR.b_channel_0/mhandshake_r                          | design_for_gpio_i/processing_system7_0_axi_periph/s00_couplers/auto_pc/inst/gen_axilite.gen_b2s_conv.axilite_b2s/WR.b_channel_0/bid_fifo_0/SR[0]                 |                3 |              8 |
|  design_for_gpio_i/processing_system7_0/inst/FCLK_CLK0 | design_for_gpio_i/my_gpio_0/U0/my_gpio_v1_0_S00_AXI_inst/slv_reg0[7]_i_1_n_0                                                                                          | design_for_gpio_i/my_gpio_0/U0/my_gpio_v1_0_S00_AXI_inst/axi_awready_i_1_n_0                                                                                     |                2 |              8 |
|  design_for_gpio_i/processing_system7_0/inst/FCLK_CLK0 | design_for_gpio_i/my_gpio_0/U0/my_gpio_v1_0_S00_AXI_inst/slv_reg0[31]_i_1_n_0                                                                                         | design_for_gpio_i/my_gpio_0/U0/my_gpio_v1_0_S00_AXI_inst/axi_awready_i_1_n_0                                                                                     |                1 |              8 |
|  design_for_gpio_i/processing_system7_0/inst/FCLK_CLK0 | design_for_gpio_i/my_gpio_0/U0/my_gpio_v1_0_S00_AXI_inst/slv_reg0[15]_i_1_n_0                                                                                         | design_for_gpio_i/my_gpio_0/U0/my_gpio_v1_0_S00_AXI_inst/axi_awready_i_1_n_0                                                                                     |                1 |              8 |
|  design_for_gpio_i/processing_system7_0/inst/FCLK_CLK0 | design_for_gpio_i/my_gpio_0/U0/my_gpio_v1_0_S00_AXI_inst/slv_reg2[31]_i_1_n_0                                                                                         | design_for_gpio_i/my_gpio_0/U0/my_gpio_v1_0_S00_AXI_inst/axi_awready_i_1_n_0                                                                                     |                1 |              8 |
|  design_for_gpio_i/processing_system7_0/inst/FCLK_CLK0 | design_for_gpio_i/my_gpio_0/U0/my_gpio_v1_0_S00_AXI_inst/slv_reg2[23]_i_1_n_0                                                                                         | design_for_gpio_i/my_gpio_0/U0/my_gpio_v1_0_S00_AXI_inst/axi_awready_i_1_n_0                                                                                     |                1 |              8 |
|  design_for_gpio_i/processing_system7_0/inst/FCLK_CLK0 | design_for_gpio_i/my_gpio_0/U0/my_gpio_v1_0_S00_AXI_inst/slv_reg2[15]_i_1_n_0                                                                                         | design_for_gpio_i/my_gpio_0/U0/my_gpio_v1_0_S00_AXI_inst/axi_awready_i_1_n_0                                                                                     |                1 |              8 |
|  design_for_gpio_i/processing_system7_0/inst/FCLK_CLK0 | design_for_gpio_i/my_gpio_0/U0/my_gpio_v1_0_S00_AXI_inst/slv_reg2[7]_i_1_n_0                                                                                          | design_for_gpio_i/my_gpio_0/U0/my_gpio_v1_0_S00_AXI_inst/axi_awready_i_1_n_0                                                                                     |                2 |              8 |
|  design_for_gpio_i/processing_system7_0/inst/FCLK_CLK0 | design_for_gpio_i/my_gpio_0/U0/my_gpio_v1_0_S00_AXI_inst/slv_reg1[15]_i_1_n_0                                                                                         | design_for_gpio_i/my_gpio_0/U0/my_gpio_v1_0_S00_AXI_inst/axi_awready_i_1_n_0                                                                                     |                1 |              8 |
|  design_for_gpio_i/processing_system7_0/inst/FCLK_CLK0 | design_for_gpio_i/my_gpio_0/U0/my_gpio_v1_0_S00_AXI_inst/slv_reg1[23]_i_1_n_0                                                                                         | design_for_gpio_i/my_gpio_0/U0/my_gpio_v1_0_S00_AXI_inst/axi_awready_i_1_n_0                                                                                     |                1 |              8 |
|  design_for_gpio_i/processing_system7_0/inst/FCLK_CLK0 | design_for_gpio_i/my_gpio_0/U0/my_gpio_v1_0_S00_AXI_inst/slv_reg1[7]_i_1_n_0                                                                                          | design_for_gpio_i/my_gpio_0/U0/my_gpio_v1_0_S00_AXI_inst/axi_awready_i_1_n_0                                                                                     |                2 |              8 |
|  design_for_gpio_i/processing_system7_0/inst/FCLK_CLK0 | design_for_gpio_i/my_gpio_0/U0/my_gpio_v1_0_S00_AXI_inst/slv_reg1[31]_i_1_n_0                                                                                         | design_for_gpio_i/my_gpio_0/U0/my_gpio_v1_0_S00_AXI_inst/axi_awready_i_1_n_0                                                                                     |                1 |              8 |
|  design_for_gpio_i/processing_system7_0/inst/FCLK_CLK0 |                                                                                                                                                                       | design_for_gpio_i/my_gpio_0/U0/my_gpio_v1_0_S00_AXI_inst/axi_awready_i_1_n_0                                                                                     |                3 |              9 |
|  design_for_gpio_i/processing_system7_0/inst/FCLK_CLK0 |                                                                                                                                                                       | design_for_gpio_i/processing_system7_0_axi_periph/xbar/inst/gen_sasd.crossbar_sasd_0/addr_arbiter_inst/SR[0]                                                     |                4 |             10 |
|  design_for_gpio_i/processing_system7_0/inst/FCLK_CLK0 | design_for_gpio_i/processing_system7_0_axi_periph/s00_couplers/auto_pc/inst/gen_axilite.gen_b2s_conv.axilite_b2s/RD.ar_channel_0/ar_cmd_fsm_0/axlen_cnt_reg[3][0]     |                                                                                                                                                                  |                4 |             12 |
|  design_for_gpio_i/processing_system7_0/inst/FCLK_CLK0 | design_for_gpio_i/processing_system7_0_axi_periph/s00_couplers/auto_pc/inst/gen_axilite.gen_b2s_conv.axilite_b2s/WR.aw_channel_0/aw_cmd_fsm_0/axlen_cnt_reg[3][0]     |                                                                                                                                                                  |                5 |             12 |
|  design_for_gpio_i/processing_system7_0/inst/FCLK_CLK0 | design_for_gpio_i/processing_system7_0_axi_periph/s00_couplers/auto_pc/inst/gen_axilite.gen_b2s_conv.axilite_b2s/RD.r_channel_0/r_push_r                              |                                                                                                                                                                  |                4 |             13 |
|  design_for_gpio_i/processing_system7_0/inst/FCLK_CLK0 | design_for_gpio_i/processing_system7_0_axi_periph/s00_couplers/auto_pc/inst/gen_axilite.gen_b2s_conv.axilite_b2s/SI_REG/b_pipe/skid_buffer_reg[0]_0                   |                                                                                                                                                                  |                3 |             14 |
|  design_for_gpio_i/processing_system7_0/inst/FCLK_CLK0 | design_for_gpio_i/processing_system7_0_axi_periph/s00_couplers/auto_pc/inst/gen_axilite.gen_b2s_conv.axilite_b2s/SI_REG/b_pipe/p_1_in                                 |                                                                                                                                                                  |                3 |             14 |
|  design_for_gpio_i/processing_system7_0/inst/FCLK_CLK0 | design_for_gpio_i/processing_system7_0_axi_periph/xbar/inst/gen_sasd.crossbar_sasd_0/addr_arbiter_inst/p_0_in1_in                                                     | design_for_gpio_i/processing_system7_0_axi_periph/xbar/inst/gen_sasd.crossbar_sasd_0/addr_arbiter_inst/SR[0]                                                     |                7 |             18 |
|  design_for_gpio_i/processing_system7_0/inst/FCLK_CLK0 | design_for_gpio_i/processing_system7_0_axi_periph/s00_couplers/auto_pc/inst/gen_axilite.gen_b2s_conv.axilite_b2s/WR.aw_channel_0/aw_cmd_fsm_0/axlen_cnt_reg[7]_2      |                                                                                                                                                                  |                5 |             20 |
|  design_for_gpio_i/processing_system7_0/inst/FCLK_CLK0 | design_for_gpio_i/processing_system7_0_axi_periph/xbar/inst/gen_sasd.crossbar_sasd_0/reg_slice_r/aa_rready                                                            | design_for_gpio_i/processing_system7_0_axi_periph/xbar/inst/gen_sasd.crossbar_sasd_0/reg_slice_r/skid_buffer[34]_i_1_n_0                                         |                9 |             32 |
|  design_for_gpio_i/processing_system7_0/inst/FCLK_CLK0 | design_for_gpio_i/my_gpio_0/U0/my_gpio_v1_0_S00_AXI_inst/axi_rdata[31]_i_1_n_0                                                                                        | design_for_gpio_i/my_gpio_0/U0/my_gpio_v1_0_S00_AXI_inst/axi_awready_i_1_n_0                                                                                     |               12 |             32 |
|  design_for_gpio_i/processing_system7_0/inst/FCLK_CLK0 | design_for_gpio_i/processing_system7_0_axi_periph/s00_couplers/auto_pc/inst/gen_axilite.gen_b2s_conv.axilite_b2s/RD.r_channel_0/rd_data_fifo_0/wr_en0                 |                                                                                                                                                                  |                9 |             34 |
|  design_for_gpio_i/processing_system7_0/inst/FCLK_CLK0 | design_for_gpio_i/processing_system7_0_axi_periph/xbar/inst/gen_sasd.crossbar_sasd_0/addr_arbiter_inst/E[0]                                                           |                                                                                                                                                                  |               10 |             35 |
|  design_for_gpio_i/processing_system7_0/inst/FCLK_CLK0 | design_for_gpio_i/processing_system7_0_axi_periph/s00_couplers/auto_pc/inst/gen_axilite.gen_b2s_conv.axilite_b2s/WR.aw_channel_0/aw_cmd_fsm_0/m_payload_i_reg[0][0]   |                                                                                                                                                                  |                8 |             43 |
|  design_for_gpio_i/processing_system7_0/inst/FCLK_CLK0 | design_for_gpio_i/processing_system7_0_axi_periph/s00_couplers/auto_pc/inst/gen_axilite.gen_b2s_conv.axilite_b2s/RD.ar_channel_0/ar_cmd_fsm_0/m_payload_i_reg[0]_1[0] |                                                                                                                                                                  |               11 |             43 |
|  design_for_gpio_i/processing_system7_0/inst/FCLK_CLK0 | design_for_gpio_i/processing_system7_0_axi_periph/s00_couplers/auto_pc/inst/gen_axilite.gen_b2s_conv.axilite_b2s/SI_REG/ar_pipe/skid_buffer_reg[0]_0                  |                                                                                                                                                                  |               13 |             43 |
|  design_for_gpio_i/processing_system7_0/inst/FCLK_CLK0 | design_for_gpio_i/processing_system7_0_axi_periph/s00_couplers/auto_pc/inst/gen_axilite.gen_b2s_conv.axilite_b2s/SI_REG/aw_pipe/skid_buffer_reg[0]_0                  |                                                                                                                                                                  |                9 |             43 |
|  design_for_gpio_i/processing_system7_0/inst/FCLK_CLK0 | design_for_gpio_i/processing_system7_0_axi_periph/s00_couplers/auto_pc/inst/gen_axilite.gen_b2s_conv.axilite_b2s/SI_REG/r_pipe/skid_buffer_reg[0]_0                   |                                                                                                                                                                  |                8 |             47 |
|  design_for_gpio_i/processing_system7_0/inst/FCLK_CLK0 | design_for_gpio_i/processing_system7_0_axi_periph/s00_couplers/auto_pc/inst/gen_axilite.gen_b2s_conv.axilite_b2s/SI_REG/r_pipe/p_1_in                                 |                                                                                                                                                                  |                7 |             47 |
|  design_for_gpio_i/processing_system7_0/inst/FCLK_CLK0 |                                                                                                                                                                       | design_for_gpio_i/processing_system7_0_axi_periph/s00_couplers/auto_pc/inst/gen_axilite.gen_b2s_conv.axilite_b2s/areset_d1                                       |               12 |             59 |
|  design_for_gpio_i/processing_system7_0/inst/FCLK_CLK0 |                                                                                                                                                                       |                                                                                                                                                                  |               41 |            123 |
+--------------------------------------------------------+-----------------------------------------------------------------------------------------------------------------------------------------------------------------------+------------------------------------------------------------------------------------------------------------------------------------------------------------------+------------------+----------------+


